#
# A fatal error has been detected by the Java Runtime Environment:
#
#  SIGSEGV (0xb) at pc=0x00007fff92cd535c, pid=2579, tid=98319
#
# JRE version: Java(TM) SE Runtime Environment (8.0_66-b17) (build 1.8.0_66-b17)
# Java VM: Java HotSpot(TM) 64-Bit Server VM (25.66-b17 mixed mode bsd-amd64 compressed oops)
# Problematic frame:
# C  [libvDSP.dylib+0xcc35c]  vDSP_vflt32+0x326c
#
# Failed to write core dump. Core dumps have been disabled. To enable core dumping, try "ulimit -c unlimited" before starting Java again
#
# If you would like to submit a bug report, please visit:
#   http://bugreport.java.com/bugreport/crash.jsp
#

---------------  T H R E A D  ---------------

Current thread is native thread

siginfo: si_signo: 11 (SIGSEGV), si_code: 0 (unknown), si_addr: 0x0000000000000000

Registers:
RAX=0x0000000000000008, RBX=0x0000000000000004, RCX=0x0000000000000001, RDX=0x6631636235343542
RSP=0x000070000e272510, RBP=0x000070000e272520, RSI=0x0000000000000001, RDI=0x000000012a278c0c
R8 =0x0000000000001000, R9 =0x0000000000000ffc, R10=0x663163623534b542, R11=0x0000000000000ffc
R12=0x0000000000001000, R13=0x00007ff251ce71f0, R14=0x000000012a27cc00, R15=0x0000000000001000
RIP=0x00007fff92cd535c, EFLAGS=0x0000000000010206, ERR=0x0000000000000000
  TRAPNO=0x000000000000000d

Top of Stack: (sp=0x000070000e272510)
0x000070000e272510:   0000000000000001 000000012a278c00
0x000070000e272520:   000070000e272580 00000001262e048d
0x000070000e272530:   00007ff2543b1f30 0000000000001000
0x000070000e272540:   00007ff251ce7248 000000012a278c00
0x000070000e272550:   000000000e2725c0 0000000000000001
0x000070000e272560:   00007ff2543dab90 00007ff2543dad70
0x000070000e272570:   000070000e2725b7 0000000000001000
0x000070000e272580:   000070000e2725e0 00000001262eaef3
0x000070000e272590:   00009fe03933e080 000070000e272a54
0x000070000e2725a0:   000070000e272a54 00007ff251f7bc00
0x000070000e2725b0:   0000000000001000 00007ff2543dab90
0x000070000e2725c0:   00007ff2543dad70 000070000e272a54
0x000070000e2725d0:   0000000000001000 00007ff251f7bc00
0x000070000e2725e0:   000070000e272620 00000001262eabcd
0x000070000e2725f0:   00007ff251f7bc00 000070000e272a54
0x000070000e272600:   00007ff2543dab90 00007ff2543dad70
0x000070000e272610:   00000001262e187c 0000000000001000
0x000070000e272620:   000070000e272680 00000001262eaaf2
0x000070000e272630:   bed208953f6accf7 000070000e272a54
0x000070000e272640:   3a447a243a4fba48 3a391d883a412f40
0x000070000e272650:   3a3156603a38f360 000070000e272a54
0x000070000e272660:   00007ff2543dab90 00007ff251f65830
0x000070000e272670:   00007ff25436e150 0000000000001000
0x000070000e272680:   000070000e2726d0 00000001262e53a9
0x000070000e272690:   3ffc4b3400000001 000070000e272a78
0x000070000e2726a0:   0000000000000000 0000000000009fe0
0x000070000e2726b0:   00007ff251f65830 00000000ffffffce
0x000070000e2726c0:   0000000000001000 00007ff2543dab90
0x000070000e2726d0:   000070000e272740 00000001262e39e1
0x000070000e2726e0:   00007ff25436e150 00009fe09442f17d
0x000070000e2726f0:   000070000e272a54 000070000e272a78
0x000070000e272700:   0000000047800000 00007ff25436e150 

Instructions: (pc=0x00007fff92cd535c)
0x00007fff92cd533c:   c5 fa 10 14 3b 48 01 df c5 fa 10 1c 3b 48 01 df
0x00007fff92cd534c:   c5 f8 5a c0 c5 f8 5a c9 c5 f8 5a d2 c5 f8 5a db
0x00007fff92cd535c:   c5 f8 13 02 c5 f8 13 0c 02 48 01 c2 c5 f8 13 14
0x00007fff92cd536c:   10 48 01 c2 c5 f8 13 1c 10 48 01 c2 49 83 c0 fc 

Register to memory mapping:

RAX=0x0000000000000008 is an unknown value
RBX=0x0000000000000004 is an unknown value
RCX=0x0000000000000001 is an unknown value
RDX=0x6631636235343542 is an unknown value
RSP=0x000070000e272510 is an unknown value
RBP=0x000070000e272520 is an unknown value
RSI=0x0000000000000001 is an unknown value
RDI=0x000000012a278c0c is an unknown value
R8 =0x0000000000001000 is an unknown value
R9 =0x0000000000000ffc is an unknown value
R10=0x663163623534b542 is an unknown value
R11=0x0000000000000ffc is an unknown value
R12=0x0000000000001000 is an unknown value
R13=0x00007ff251ce71f0 is an unknown value
R14=0x000000012a27cc00 is an unknown value
R15=0x0000000000001000 is an unknown value


Stack: [0x000070000e1f3000,0x000070000e273000],  sp=0x000070000e272510,  free space=509k
Native frames: (J=compiled Java code, j=interpreted, Vv=VM code, C=native code)
C  [libvDSP.dylib+0xcc35c]  vDSP_vflt32+0x326c
C  [libjfxmedia_avf.dylib+0x648d]  _ZN17AVFAudioEqualizer9RunFilterEPKfPfjj+0xd3
C  [libjfxmedia_avf.dylib+0x10ef3]  _ZN12AUEffectBase19ProcessBufferListsTIfEEvRjRK15AudioBufferListRS2_j+0x121
C  [libjfxmedia_avf.dylib+0x10bcd]  _ZN12AUEffectBase18ProcessBufferListsERjRK15AudioBufferListRS1_j+0x7f
C  [libjfxmedia_avf.dylib+0x10af2]  _ZN12AUEffectBase6RenderERjRK14AudioTimeStampj+0x240
C  [libjfxmedia_avf.dylib+0xb3a9]  _ZN6AUBase11DoRenderBusERjRK14AudioTimeStampjP15AUOutputElementjR15AudioBufferList+0xa9
C  [libjfxmedia_avf.dylib+0x99e1]  _ZN6AUBase8DoRenderERjRK14AudioTimeStampjjR15AudioBufferList+0x1b9
C  [libjfxmedia_avf.dylib+0xd9d6]  _ZL14AUMethodRenderPvPjPK14AudioTimeStampjjP15AudioBufferList+0x2e
C  [libjfxmedia_avf.dylib+0xc7b7]  _ZN14AUInputElement9PullInputERjRK14AudioTimeStampjj+0x8d
C  [libjfxmedia_avf.dylib+0x10930]  _ZN12AUEffectBase6RenderERjRK14AudioTimeStampj+0x7e
C  [libjfxmedia_avf.dylib+0xb3a9]  _ZN6AUBase11DoRenderBusERjRK14AudioTimeStampjP15AUOutputElementjR15AudioBufferList+0xa9
C  [libjfxmedia_avf.dylib+0x99e1]  _ZN6AUBase8DoRenderERjRK14AudioTimeStampjjR15AudioBufferList+0x1b9
C  [libjfxmedia_avf.dylib+0xd9d6]  _ZL14AUMethodRenderPvPjPK14AudioTimeStampjjP15AudioBufferList+0x2e
C  [libjfxmedia_avf.dylib+0xc7b7]  _ZN14AUInputElement9PullInputERjRK14AudioTimeStampjj+0x8d
C  [libjfxmedia_avf.dylib+0x10930]  _ZN12AUEffectBase6RenderERjRK14AudioTimeStampj+0x7e
C  [libjfxmedia_avf.dylib+0xb3a9]  _ZN6AUBase11DoRenderBusERjRK14AudioTimeStampjP15AUOutputElementjR15AudioBufferList+0xa9
C  [libjfxmedia_avf.dylib+0x99e1]  _ZN6AUBase8DoRenderERjRK14AudioTimeStampjjR15AudioBufferList+0x1b9
C  [libjfxmedia_avf.dylib+0xd9d6]  _ZL14AUMethodRenderPvPjPK14AudioTimeStampjjP15AudioBufferList+0x2e
C  [libjfxmedia_avf.dylib+0x54f1]  _ZL15ProcessAudioTapPKvljP15AudioBufferListPlPj+0x63
C  [MediaToolbox+0x3663c5]  MTAudioProcessingTapGetSourceAudio+0x852
C  [AudioToolbox+0xe590f]  _Z25AQClientCallProcessingTapPvjP14AudioTimeStampPjS2_P15AudioBufferListidjdjPKhj+0x5d
C  [AudioToolbox+0x16ca90]  _ZN15AQProcessingTap9DoCalloutERjR14AudioTimeStampS0_R15AudioBufferList+0xbc
C  [AudioToolbox+0x16c88f]  _ZN16AudioQueueObject18PerformTapInternalER14AudioTimeStampRjS2_+0x85
C  [AudioToolbox+0x16c795]  _ZN16AudioQueueObject20PerformProcessingTapEPFiPvRjRK14AudioTimeStampjR15AudioBufferListRdS1_ES0_RS2_S1_S6_S1_+0xc5
C  [AudioToolbox+0x177525]  _ZN14MEMixerChannel13TapDownstreamEPvPjPK14AudioTimeStampjjP15AudioBufferList+0x81
C  [CoreAudio+0x10ef05]  _ZN14AUInputElement9PullInputERjRK14AudioTimeStampjj+0xb9
C  [CoreAudio+0x5e9c4]  _ZN18AUDeferredRenderer7ProduceEv+0x240
C  [CoreAudio+0x5e6fb]  _ZN18AUDeferredRenderer18ProducerThreadProcEv+0x31
C  [CoreAudio+0x5e0fb]  _ZN18AUDeferredRenderer18ProducerThreadProcEPv+0x1f
C  [CoreAudio+0x124fb5]  _ZN9CAPThread5EntryEPS_+0x55
C  [libsystem_pthread.dylib+0x3abb]  _pthread_body+0xb4
C  [libsystem_pthread.dylib+0x3a07]  _pthread_body+0x0
C  [libsystem_pthread.dylib+0x3231]  thread_start+0xd


---------------  P R O C E S S  ---------------

VM state:not at safepoint (normal execution)

VM Mutex/Monitor currently owned by a thread: None

Heap:
 PSYoungGen      total 23040K, used 2770K [0x00000007aab00000, 0x00000007ac800000, 0x00000007c0000000)
  eden space 16384K, 16% used [0x00000007aab00000,0x00000007aad94a98,0x00000007abb00000)
  from space 6656K, 1% used [0x00000007ac180000,0x00000007ac1a0000,0x00000007ac800000)
  to   space 6656K, 0% used [0x00000007abb00000,0x00000007abb00000,0x00000007ac180000)
 ParOldGen       total 44032K, used 7662K [0x0000000780000000, 0x0000000782b00000, 0x00000007aab00000)
  object space 44032K, 17% used [0x0000000780000000,0x000000078077b948,0x0000000782b00000)
 Metaspace       used 17860K, capacity 18698K, committed 18816K, reserved 1064960K
  class space    used 2355K, capacity 2575K, committed 2688K, reserved 1048576K

Card table byte_map: [0x000000010ed84000,0x000000010ef85000] byte_map_base: 0x000000010b184000

Marking Bits: (ParMarkBitMap*) 0x000000010e2dde20
 Begin Bits: [0x000000010f0db000, 0x00000001100db000)
 End Bits:   [0x00000001100db000, 0x00000001110db000)

Polling page: 0x000000010d1f5000

CodeCache: size=245760Kb used=9200Kb max_used=9203Kb free=236559Kb
 bounds [0x00000001140ef000, 0x00000001149ff000, 0x00000001230ef000]
 total_blobs=3699 nmethods=3047 adapters=565
 compilation: enabled

Compilation events (10 events):
Event: 25.801 Thread 0x00007ff253071800 3044   !   3       com.sun.javafx.tk.quantum.QuantumToolkit::runWithoutRenderLock (49 bytes)
Event: 25.802 Thread 0x00007ff253071800 nmethod 3044 0x00000001149eb290 code [0x00000001149eb480, 0x00000001149ebf38]
Event: 25.802 Thread 0x00007ff253071800 3046       3       jdk.internal.org.objectweb.asm.MethodVisitor::visitVarInsn (17 bytes)
Event: 25.802 Thread 0x00007ff253071800 nmethod 3046 0x00000001149f4e10 code [0x00000001149f4f80, 0x00000001149f51e8]
Event: 25.802 Thread 0x00007ff253071800 3045       3       java.util.concurrent.locks.ReentrantLock::isHeldByCurrentThread (8 bytes)
Event: 25.802 Thread 0x00007ff253071800 nmethod 3045 0x00000001149f4890 code [0x00000001149f4a00, 0x00000001149f4d50]
Event: 25.829 Thread 0x00007ff253071800 3047       3       java.util.concurrent.atomic.AtomicInteger::getAndDecrement (12 bytes)
Event: 25.829 Thread 0x00007ff253071800 nmethod 3047 0x00000001149f4590 code [0x00000001149f46e0, 0x00000001149f4830]
Event: 25.830 Thread 0x00007ff253071800 3048       1       java.util.concurrent.atomic.AtomicInteger::getAndIncrement (12 bytes)
Event: 25.831 Thread 0x00007ff253071800 nmethod 3048 0x00000001149f42d0 code [0x00000001149f4420, 0x00000001149f4530]

GC Heap History (10 events):
Event: 3.584 GC heap before
{Heap before GC invocations=4 (full 0):
 PSYoungGen      total 18944K, used 18912K [0x00000007aab00000, 0x00000007ac000000, 0x00000007c0000000)
  eden space 16384K, 100% used [0x00000007aab00000,0x00000007abb00000,0x00000007abb00000)
  from space 2560K, 98% used [0x00000007abb00000,0x00000007abd78040,0x00000007abd80000)
  to   space 2560K, 0% used [0x00000007abd80000,0x00000007abd80000,0x00000007ac000000)
 ParOldGen       total 44032K, used 2202K [0x0000000780000000, 0x0000000782b00000, 0x00000007aab00000)
  object space 44032K, 5% used [0x0000000780000000,0x0000000780226880,0x0000000782b00000)
 Metaspace       used 17047K, capacity 17792K, committed 18048K, reserved 1064960K
  class space    used 2345K, capacity 2562K, committed 2688K, reserved 1048576K
Event: 3.591 GC heap after
Heap after GC invocations=4 (full 0):
 PSYoungGen      total 18944K, used 2544K [0x00000007aab00000, 0x00000007ac000000, 0x00000007c0000000)
  eden space 16384K, 0% used [0x00000007aab00000,0x00000007aab00000,0x00000007abb00000)
  from space 2560K, 99% used [0x00000007abd80000,0x00000007abffc030,0x00000007ac000000)
  to   space 2560K, 0% used [0x00000007abb00000,0x00000007abb00000,0x00000007abd80000)
 ParOldGen       total 44032K, used 5074K [0x0000000780000000, 0x0000000782b00000, 0x00000007aab00000)
  object space 44032K, 11% used [0x0000000780000000,0x00000007804f4b50,0x0000000782b00000)
 Metaspace       used 17047K, capacity 17792K, committed 18048K, reserved 1064960K
  class space    used 2345K, capacity 2562K, committed 2688K, reserved 1048576K
}
Event: 8.987 GC heap before
{Heap before GC invocations=5 (full 0):
 PSYoungGen      total 18944K, used 18928K [0x00000007aab00000, 0x00000007ac000000, 0x00000007c0000000)
  eden space 16384K, 100% used [0x00000007aab00000,0x00000007abb00000,0x00000007abb00000)
  from space 2560K, 99% used [0x00000007abd80000,0x00000007abffc030,0x00000007ac000000)
  to   space 2560K, 0% used [0x00000007abb00000,0x00000007abb00000,0x00000007abd80000)
 ParOldGen       total 44032K, used 5074K [0x0000000780000000, 0x0000000782b00000, 0x00000007aab00000)
  object space 44032K, 11% used [0x0000000780000000,0x00000007804f4b50,0x0000000782b00000)
 Metaspace       used 17615K, capacity 18386K, committed 18560K, reserved 1064960K
  class space    used 2346K, capacity 2563K, committed 2688K, reserved 1048576K
Event: 8.994 GC heap after
Heap after GC invocations=5 (full 0):
 PSYoungGen      total 18944K, used 2544K [0x00000007aab00000, 0x00000007ac700000, 0x00000007c0000000)
  eden space 16384K, 0% used [0x00000007aab00000,0x00000007aab00000,0x00000007abb00000)
  from space 2560K, 99% used [0x00000007abb00000,0x00000007abd7c030,0x00000007abd80000)
  to   space 6144K, 0% used [0x00000007ac100000,0x00000007ac100000,0x00000007ac700000)
 ParOldGen       total 44032K, used 5122K [0x0000000780000000, 0x0000000782b00000, 0x00000007aab00000)
  object space 44032K, 11% used [0x0000000780000000,0x0000000780500b50,0x0000000782b00000)
 Metaspace       used 17615K, capacity 18386K, committed 18560K, reserved 1064960K
  class space    used 2346K, capacity 2563K, committed 2688K, reserved 1048576K
}
Event: 14.842 GC heap before
{Heap before GC invocations=6 (full 0):
 PSYoungGen      total 18944K, used 18928K [0x00000007aab00000, 0x00000007ac700000, 0x00000007c0000000)
  eden space 16384K, 100% used [0x00000007aab00000,0x00000007abb00000,0x00000007abb00000)
  from space 2560K, 99% used [0x00000007abb00000,0x00000007abd7c030,0x00000007abd80000)
  to   space 6144K, 0% used [0x00000007ac100000,0x00000007ac100000,0x00000007ac700000)
 ParOldGen       total 44032K, used 5122K [0x0000000780000000, 0x0000000782b00000, 0x00000007aab00000)
  object space 44032K, 11% used [0x0000000780000000,0x0000000780500b50,0x0000000782b00000)
 Metaspace       used 17798K, capacity 18578K, committed 18816K, reserved 1064960K
  class space    used 2347K, capacity 2563K, committed 2688K, reserved 1048576K
Event: 14.850 GC heap after
Heap after GC invocations=6 (full 0):
 PSYoungGen      total 22528K, used 2608K [0x00000007aab00000, 0x00000007ac700000, 0x00000007c0000000)
  eden space 16384K, 0% used [0x00000007aab00000,0x00000007aab00000,0x00000007abb00000)
  from space 6144K, 42% used [0x00000007ac100000,0x00000007ac38c030,0x00000007ac700000)
  to   space 6144K, 0% used [0x00000007abb00000,0x00000007abb00000,0x00000007ac100000)
 ParOldGen       total 44032K, used 5130K [0x0000000780000000, 0x0000000782b00000, 0x00000007aab00000)
  object space 44032K, 11% used [0x0000000780000000,0x0000000780502b50,0x0000000782b00000)
 Metaspace       used 17798K, capacity 18578K, committed 18816K, reserved 1064960K
  class space    used 2347K, capacity 2563K, committed 2688K, reserved 1048576K
}
Event: 21.378 GC heap before
{Heap before GC invocations=7 (full 0):
 PSYoungGen      total 22528K, used 18992K [0x00000007aab00000, 0x00000007ac700000, 0x00000007c0000000)
  eden space 16384K, 100% used [0x00000007aab00000,0x00000007abb00000,0x00000007abb00000)
  from space 6144K, 42% used [0x00000007ac100000,0x00000007ac38c030,0x00000007ac700000)
  to   space 6144K, 0% used [0x00000007abb00000,0x00000007abb00000,0x00000007ac100000)
 ParOldGen       total 44032K, used 5130K [0x0000000780000000, 0x0000000782b00000, 0x00000007aab00000)
  object space 44032K, 11% used [0x0000000780000000,0x0000000780502b50,0x0000000782b00000)
 Metaspace       used 17802K, capacity 18578K, committed 18816K, reserved 1064960K
  class space    used 2347K, capacity 2563K, committed 2688K, reserved 1048576K
Event: 21.391 GC heap after
Heap after GC invocations=7 (full 0):
 PSYoungGen      total 22528K, used 624K [0x00000007aab00000, 0x00000007ac800000, 0x00000007c0000000)
  eden space 16384K, 0% used [0x00000007aab00000,0x00000007aab00000,0x00000007abb00000)
  from space 6144K, 10% used [0x00000007abb00000,0x00000007abb9c010,0x00000007ac100000)
  to   space 6656K, 0% used [0x00000007ac180000,0x00000007ac180000,0x00000007ac800000)
 ParOldGen       total 44032K, used 7154K [0x0000000780000000, 0x0000000782b00000, 0x00000007aab00000)
  object space 44032K, 16% used [0x0000000780000000,0x00000007806fcbf0,0x0000000782b00000)
 Metaspace       used 17802K, capacity 18578K, committed 18816K, reserved 1064960K
  class space    used 2347K, capacity 2563K, committed 2688K, reserved 1048576K
}
Event: 25.358 GC heap before
{Heap before GC invocations=8 (full 0):
 PSYoungGen      total 22528K, used 17008K [0x00000007aab00000, 0x00000007ac800000, 0x00000007c0000000)
  eden space 16384K, 100% used [0x00000007aab00000,0x00000007abb00000,0x00000007abb00000)
  from space 6144K, 10% used [0x00000007abb00000,0x00000007abb9c010,0x00000007ac100000)
  to   space 6656K, 0% used [0x00000007ac180000,0x00000007ac180000,0x00000007ac800000)
 ParOldGen       total 44032K, used 7154K [0x0000000780000000, 0x0000000782b00000, 0x00000007aab00000)
  object space 44032K, 16% used [0x0000000780000000,0x00000007806fcbf0,0x0000000782b00000)
 Metaspace       used 17827K, capacity 18648K, committed 18816K, reserved 1064960K
  class space    used 2348K, capacity 2564K, committed 2688K, reserved 1048576K
Event: 25.360 GC heap after
Heap after GC invocations=8 (full 0):
 PSYoungGen      total 23040K, used 128K [0x00000007aab00000, 0x00000007ac800000, 0x00000007c0000000)
  eden space 16384K, 0% used [0x00000007aab00000,0x00000007aab00000,0x00000007abb00000)
  from space 6656K, 1% used [0x00000007ac180000,0x00000007ac1a0000,0x00000007ac800000)
  to   space 6656K, 0% used [0x00000007abb00000,0x00000007abb00000,0x00000007ac180000)
 ParOldGen       total 44032K, used 7662K [0x0000000780000000, 0x0000000782b00000, 0x00000007aab00000)
  object space 44032K, 17% used [0x0000000780000000,0x000000078077b948,0x0000000782b00000)
 Metaspace       used 17827K, capacity 18648K, committed 18816K, reserved 1064960K
  class space    used 2348K, capacity 2564K, committed 2688K, reserved 1048576K
}

Deoptimization events (10 events):
Event: 1.918 Thread 0x00007ff2538a9800 Uncommon trap: reason=array_check action=maybe_recompile pc=0x0000000114551d4c method=com.sun.javafx.css.SimpleSelector.applies(Ljavafx/css/Styleable;[Ljava/util/Set;I)Z @ 37
Event: 1.918 Thread 0x00007ff2538a9800 Uncommon trap: reason=array_check action=maybe_recompile pc=0x0000000114551d4c method=com.sun.javafx.css.SimpleSelector.applies(Ljavafx/css/Styleable;[Ljava/util/Set;I)Z @ 37
Event: 2.412 Thread 0x00007ff2538a9800 Uncommon trap: reason=unstable_if action=reinterpret pc=0x00000001144e344c method=jdk.internal.org.objectweb.asm.Type.getArgumentsAndReturnSizes(Ljava/lang/String;)I @ 47
Event: 3.792 Thread 0x00007ff2538a9800 Uncommon trap: reason=class_check action=maybe_recompile pc=0x00000001146d0664 method=javafx.scene.Node.updateLocalToParentTransform()V @ 327
Event: 3.792 Thread 0x00007ff2538a9800 Uncommon trap: reason=bimorphic action=maybe_recompile pc=0x00000001146f57f0 method=javafx.scene.Node.getGeomBounds(Lcom/sun/javafx/geom/BaseBounds;Lcom/sun/javafx/geom/transform/BaseTransform;)Lcom/sun/javafx/geom/BaseBounds; @ 21
Event: 3.896 Thread 0x00007ff252b85000 Uncommon trap: reason=unstable_if action=reinterpret pc=0x00000001146d2658 method=java.util.ArrayList$Itr.checkForComodification()V @ 11
Event: 21.128 Thread 0x00007ff2520c1800 Uncommon trap: reason=unstable_if action=reinterpret pc=0x000000011499f6d8 method=com.sun.prism.impl.ManagedResource.bumpAge(I)V @ 7
Event: 23.572 Thread 0x00007ff2520c1800 Uncommon trap: reason=unstable_if action=reinterpret pc=0x0000000114822ea0 method=com.sun.prism.es2.ES2Texture.updateWrapState()V @ 24
Event: 25.797 Thread 0x00007ff2538a9800 Uncommon trap: reason=unstable_if action=reinterpret pc=0x00000001148bc2a0 method=java.util.ArrayList.remove(Ljava/lang/Object;)Z @ 46
Event: 25.803 Thread 0x00007ff2538a9800 Uncommon trap: reason=predicate action=maybe_recompile pc=0x0000000114918fd0 method=java.util.ArrayList.indexOf(Ljava/lang/Object;)I @ 44

Internal exceptions (10 events):
Event: 1.297 Thread 0x00007ff2538a9800 Exception <a 'java/lang/NullPointerException'> (0x00000007ab55aab0) thrown at [/HUDSON3/workspace/8-2-build-macosx-x86_64/jdk8u66/4988/hotspot/src/share/vm/interpreter/linkResolver.cpp, line 1280]
Event: 1.391 Thread 0x00007ff2538a9800 Exception <a 'java/lang/NullPointerException'> (0x00000007ab60c830) thrown at [/HUDSON3/workspace/8-2-build-macosx-x86_64/jdk8u66/4988/hotspot/src/share/vm/interpreter/linkResolver.cpp, line 1280]
Event: 1.508 Thread 0x00007ff2538a9800 Exception <a 'java/lang/NullPointerException'> (0x00000007aacc9e98) thrown at [/HUDSON3/workspace/8-2-build-macosx-x86_64/jdk8u66/4988/hotspot/src/share/vm/interpreter/linkResolver.cpp, line 1280]
Event: 1.566 Thread 0x00007ff2538a9800 Exception <a 'java/lang/NullPointerException'> (0x00000007aacd74e0) thrown at [/HUDSON3/workspace/8-2-build-macosx-x86_64/jdk8u66/4988/hotspot/src/share/vm/interpreter/linkResolver.cpp, line 1280]
Event: 1.624 Thread 0x00007ff2538a9800 Exception <a 'java/lang/NullPointerException'> (0x00000007aace2710) thrown at [/HUDSON3/workspace/8-2-build-macosx-x86_64/jdk8u66/4988/hotspot/src/share/vm/interpreter/linkResolver.cpp, line 1280]
Event: 1.682 Thread 0x00007ff2538a9800 Exception <a 'java/lang/NullPointerException'> (0x00000007aaceda80) thrown at [/HUDSON3/workspace/8-2-build-macosx-x86_64/jdk8u66/4988/hotspot/src/share/vm/interpreter/linkResolver.cpp, line 1280]
Event: 1.756 Thread 0x00007ff2538a9800 Implicit null exception at 0x00000001143ebbf5 to 0x00000001143ebe31
Event: 1.756 Thread 0x00007ff2538a9800 Implicit null exception at 0x00000001143c803b to 0x00000001143c8a79
Event: 1.758 Thread 0x00007ff2538a9800 Implicit null exception at 0x000000011439642f to 0x0000000114396499
Event: 1.911 Thread 0x00007ff2538a9800 Implicit null exception at 0x00000001145129ed to 0x0000000114512a3d

Events (10 events):
Event: 25.835 Thread 0x00007ff253fa3800 Thread exited: 0x00007ff253fa3800
Event: 25.837 loading class com/sun/javafx/tk/quantum/QuantumRenderer
Event: 25.837 loading class com/sun/javafx/tk/quantum/QuantumRenderer done
Event: 25.837 loading class com/sun/javafx/tk/quantum/QuantumToolkit
Event: 25.837 loading class com/sun/javafx/tk/quantum/QuantumToolkit done
Event: 25.837 Thread 0x00007ff2520c1800 Thread exited: 0x00007ff2520c1800
Event: 25.837 Thread 0x00007ff252987000 Thread exited: 0x00007ff252987000
Event: 25.838 Thread 0x00007ff253001800 Thread exited: 0x00007ff253001800
Event: 25.838 Thread 0x00007ff252987000 Thread added: 0x00007ff252987000
Event: 25.838 Thread 0x00007ff2538a9800 Thread exited: 0x00007ff2538a9800


Dynamic libraries:
0x000000002011f000 	/System/Library/Frameworks/Cocoa.framework/Versions/A/Cocoa
0x000000002011f000 	/System/Library/Frameworks/Security.framework/Versions/A/Security
0x000000002011f000 	/System/Library/Frameworks/ApplicationServices.framework/Versions/A/ApplicationServices
0x000000002011f000 	/usr/lib/libz.1.dylib
0x000000002011f000 	/usr/lib/libSystem.B.dylib
0x000000002011f000 	/usr/lib/libobjc.A.dylib
0x000000002011f000 	/System/Library/Frameworks/CoreFoundation.framework/Versions/A/CoreFoundation
0x000000002011f000 	/System/Library/Frameworks/Foundation.framework/Versions/C/Foundation
0x000000002011f000 	/System/Library/Frameworks/AppKit.framework/Versions/C/AppKit
0x000000002011f000 	/System/Library/Frameworks/CoreData.framework/Versions/A/CoreData
0x000000002011f000 	/System/Library/PrivateFrameworks/RemoteViewServices.framework/Versions/A/RemoteViewServices
0x000000002011f000 	/System/Library/PrivateFrameworks/UIFoundation.framework/Versions/A/UIFoundation
0x000000002011f000 	/usr/lib/libenergytrace.dylib
0x000000002011f000 	/System/Library/PrivateFrameworks/SkyLight.framework/Versions/A/SkyLight
0x000000002011f000 	/System/Library/Frameworks/CoreGraphics.framework/Versions/A/CoreGraphics
0x000000002011f000 	/usr/lib/libScreenReader.dylib
0x000000002011f000 	/System/Library/Frameworks/Accelerate.framework/Versions/A/Accelerate
0x000000002011f000 	/System/Library/Frameworks/IOSurface.framework/Versions/A/IOSurface
0x000000002011f000 	/System/Library/Frameworks/AudioToolbox.framework/Versions/A/AudioToolbox
0x000000002011f000 	/System/Library/Frameworks/AudioUnit.framework/Versions/A/AudioUnit
0x000000002011f000 	/System/Library/PrivateFrameworks/DataDetectorsCore.framework/Versions/A/DataDetectorsCore
0x000000002011f000 	/System/Library/PrivateFrameworks/DesktopServicesPriv.framework/Versions/A/DesktopServicesPriv
0x000000002011f000 	/System/Library/Frameworks/Carbon.framework/Versions/A/Frameworks/HIToolbox.framework/Versions/A/HIToolbox
0x000000002011f000 	/usr/lib/libicucore.A.dylib
0x000000002011f000 	/System/Library/Frameworks/QuartzCore.framework/Versions/A/QuartzCore
0x000000002011f000 	/System/Library/Frameworks/Carbon.framework/Versions/A/Frameworks/SpeechRecognition.framework/Versions/A/SpeechRecognition
0x000000002011f000 	/usr/lib/libauto.dylib
0x000000002011f000 	/usr/lib/libxml2.2.dylib
0x000000002011f000 	/System/Library/PrivateFrameworks/CoreUI.framework/Versions/A/CoreUI
0x000000002011f000 	/System/Library/Frameworks/CoreAudio.framework/Versions/A/CoreAudio
0x000000002011f000 	/System/Library/Frameworks/DiskArbitration.framework/Versions/A/DiskArbitration
0x000000002011f000 	/usr/lib/liblangid.dylib
0x000000002011f000 	/System/Library/PrivateFrameworks/MultitouchSupport.framework/Versions/A/MultitouchSupport
0x000000002011f000 	/System/Library/Frameworks/IOKit.framework/Versions/A/IOKit
0x000000002011f000 	/usr/lib/libDiagnosticMessagesClient.dylib
0x000000002011f000 	/System/Library/Frameworks/CoreServices.framework/Versions/A/CoreServices
0x000000002011f000 	/System/Library/PrivateFrameworks/PerformanceAnalysis.framework/Versions/A/PerformanceAnalysis
0x000000002011f000 	/System/Library/PrivateFrameworks/GenerationalStorage.framework/Versions/A/GenerationalStorage
0x000000002011f000 	/System/Library/Frameworks/OpenGL.framework/Versions/A/OpenGL
0x000000002011f000 	/System/Library/Frameworks/CoreImage.framework/Versions/A/CoreImage
0x000000002011f000 	/System/Library/Frameworks/CoreText.framework/Versions/A/CoreText
0x000000002011f000 	/System/Library/Frameworks/ImageIO.framework/Versions/A/ImageIO
0x000000002011f000 	/System/Library/PrivateFrameworks/Backup.framework/Versions/A/Backup
0x000000002011f000 	/usr/lib/libarchive.2.dylib
0x000000002011f000 	/System/Library/Frameworks/CFNetwork.framework/Versions/A/CFNetwork
0x000000002011f000 	/System/Library/Frameworks/SystemConfiguration.framework/Versions/A/SystemConfiguration
0x000000002011f000 	/usr/lib/libCRFSuite.dylib
0x000000002011f000 	/usr/lib/libc++.1.dylib
0x000000002011f000 	/usr/lib/libc++abi.dylib
0x000000002011f000 	/usr/lib/system/libcache.dylib
0x000000002011f000 	/usr/lib/system/libcommonCrypto.dylib
0x000000002011f000 	/usr/lib/system/libcompiler_rt.dylib
0x000000002011f000 	/usr/lib/system/libcopyfile.dylib
0x000000002011f000 	/usr/lib/system/libcorecrypto.dylib
0x000000002011f000 	/usr/lib/system/libdispatch.dylib
0x000000002011f000 	/usr/lib/system/libdyld.dylib
0x000000002011f000 	/usr/lib/system/libkeymgr.dylib
0x000000002011f000 	/usr/lib/system/liblaunch.dylib
0x000000002011f000 	/usr/lib/system/libmacho.dylib
0x000000002011f000 	/usr/lib/system/libquarantine.dylib
0x000000002011f000 	/usr/lib/system/libremovefile.dylib
0x000000002011f000 	/usr/lib/system/libsystem_asl.dylib
0x000000002011f000 	/usr/lib/system/libsystem_blocks.dylib
0x000000002011f000 	/usr/lib/system/libsystem_c.dylib
0x000000002011f000 	/usr/lib/system/libsystem_configuration.dylib
0x000000002011f000 	/usr/lib/system/libsystem_coreservices.dylib
0x000000002011f000 	/usr/lib/system/libsystem_coretls.dylib
0x000000002011f000 	/usr/lib/system/libsystem_dnssd.dylib
0x000000002011f000 	/usr/lib/system/libsystem_info.dylib
0x000000002011f000 	/usr/lib/system/libsystem_kernel.dylib
0x000000002011f000 	/usr/lib/system/libsystem_m.dylib
0x000000002011f000 	/usr/lib/system/libsystem_malloc.dylib
0x000000002011f000 	/usr/lib/system/libsystem_network.dylib
0x000000002011f000 	/usr/lib/system/libsystem_networkextension.dylib
0x000000002011f000 	/usr/lib/system/libsystem_notify.dylib
0x000000002011f000 	/usr/lib/system/libsystem_platform.dylib
0x000000002011f000 	/usr/lib/system/libsystem_pthread.dylib
0x000000002011f000 	/usr/lib/system/libsystem_sandbox.dylib
0x000000002011f000 	/usr/lib/system/libsystem_secinit.dylib
0x000000002011f000 	/usr/lib/system/libsystem_symptoms.dylib
0x000000002011f000 	/usr/lib/system/libsystem_trace.dylib
0x000000002011f000 	/usr/lib/system/libunwind.dylib
0x000000002011f000 	/usr/lib/system/libxpc.dylib
0x000000002011f000 	/usr/lib/libbsm.0.dylib
0x000000002011f000 	/usr/lib/system/libkxld.dylib
0x000000002011f000 	/usr/lib/libcoretls.dylib
0x000000002011f000 	/usr/lib/libcoretls_cfhelpers.dylib
0x000000002011f000 	/usr/lib/libxar.1.dylib
0x000000002011f000 	/usr/lib/libsqlite3.dylib
0x000000002011f000 	/usr/lib/libpam.2.dylib
0x000000002011f000 	/usr/lib/libOpenScriptingUtil.dylib
0x000000002011f000 	/usr/lib/libbz2.1.0.dylib
0x000000002011f000 	/usr/lib/liblzma.5.dylib
0x000000002011f000 	/usr/lib/libnetwork.dylib
0x000000002011f000 	/usr/lib/libpcap.A.dylib
0x000000002011f000 	/System/Library/Frameworks/CoreServices.framework/Versions/A/Frameworks/FSEvents.framework/Versions/A/FSEvents
0x000000002011f000 	/System/Library/Frameworks/CoreServices.framework/Versions/A/Frameworks/CarbonCore.framework/Versions/A/CarbonCore
0x000000002011f000 	/System/Library/Frameworks/CoreServices.framework/Versions/A/Frameworks/Metadata.framework/Versions/A/Metadata
0x000000002011f000 	/System/Library/Frameworks/CoreServices.framework/Versions/A/Frameworks/OSServices.framework/Versions/A/OSServices
0x000000002011f000 	/System/Library/Frameworks/CoreServices.framework/Versions/A/Frameworks/SearchKit.framework/Versions/A/SearchKit
0x000000002011f000 	/System/Library/Frameworks/CoreServices.framework/Versions/A/Frameworks/AE.framework/Versions/A/AE
0x000000002011f000 	/System/Library/Frameworks/CoreServices.framework/Versions/A/Frameworks/LaunchServices.framework/Versions/A/LaunchServices
0x000000002011f000 	/System/Library/Frameworks/CoreServices.framework/Versions/A/Frameworks/DictionaryServices.framework/Versions/A/DictionaryServices
0x000000002011f000 	/System/Library/Frameworks/CoreServices.framework/Versions/A/Frameworks/SharedFileList.framework/Versions/A/SharedFileList
0x000000002011f000 	/System/Library/Frameworks/NetFS.framework/Versions/A/NetFS
0x000000002011f000 	/System/Library/PrivateFrameworks/NetAuth.framework/Versions/A/NetAuth
0x000000002011f000 	/System/Library/PrivateFrameworks/login.framework/Versions/A/Frameworks/loginsupport.framework/Versions/A/loginsupport
0x000000002011f000 	/System/Library/PrivateFrameworks/TCC.framework/Versions/A/TCC
0x000000002011f000 	/usr/lib/libmecabra.dylib
0x000000002011f000 	/System/Library/Frameworks/ApplicationServices.framework/Versions/A/Frameworks/ATS.framework/Versions/A/ATS
0x000000002011f000 	/System/Library/Frameworks/ApplicationServices.framework/Versions/A/Frameworks/ColorSync.framework/Versions/A/ColorSync
0x000000002011f000 	/System/Library/Frameworks/ApplicationServices.framework/Versions/A/Frameworks/HIServices.framework/Versions/A/HIServices
0x000000002011f000 	/System/Library/Frameworks/ApplicationServices.framework/Versions/A/Frameworks/LangAnalysis.framework/Versions/A/LangAnalysis
0x000000002011f000 	/System/Library/Frameworks/ApplicationServices.framework/Versions/A/Frameworks/PrintCore.framework/Versions/A/PrintCore
0x000000002011f000 	/System/Library/Frameworks/ApplicationServices.framework/Versions/A/Frameworks/QD.framework/Versions/A/QD
0x000000002011f000 	/System/Library/Frameworks/ApplicationServices.framework/Versions/A/Frameworks/SpeechSynthesis.framework/Versions/A/SpeechSynthesis
0x000000002011f000 	/System/Library/Frameworks/Accelerate.framework/Versions/A/Frameworks/vImage.framework/Versions/A/vImage
0x000000002011f000 	/System/Library/Frameworks/Accelerate.framework/Versions/A/Frameworks/vecLib.framework/Versions/A/vecLib
0x000000002011f000 	/System/Library/Frameworks/Accelerate.framework/Versions/A/Frameworks/vecLib.framework/Versions/A/libvDSP.dylib
0x000000002011f000 	/System/Library/Frameworks/Accelerate.framework/Versions/A/Frameworks/vecLib.framework/Versions/A/libBNNS.dylib
0x000000002011f000 	/System/Library/Frameworks/Accelerate.framework/Versions/A/Frameworks/vecLib.framework/Versions/A/libQuadrature.dylib
0x000000002011f000 	/System/Library/Frameworks/Accelerate.framework/Versions/A/Frameworks/vecLib.framework/Versions/A/libvMisc.dylib
0x000000002011f000 	/System/Library/Frameworks/Accelerate.framework/Versions/A/Frameworks/vecLib.framework/Versions/A/libLAPACK.dylib
0x000000002011f000 	/System/Library/Frameworks/Accelerate.framework/Versions/A/Frameworks/vecLib.framework/Versions/A/libBLAS.dylib
0x000000002011f000 	/System/Library/Frameworks/Accelerate.framework/Versions/A/Frameworks/vecLib.framework/Versions/A/libLinearAlgebra.dylib
0x000000002011f000 	/System/Library/Frameworks/Accelerate.framework/Versions/A/Frameworks/vecLib.framework/Versions/A/libSparseBLAS.dylib
0x000000002011f000 	/System/Library/Frameworks/ApplicationServices.framework/Versions/A/Frameworks/ATS.framework/Versions/A/Resources/libFontParser.dylib
0x000000002011f000 	/System/Library/Frameworks/ApplicationServices.framework/Versions/A/Frameworks/ATS.framework/Versions/A/Resources/libFontRegistry.dylib
0x000000002011f000 	/System/Library/Frameworks/ImageIO.framework/Versions/A/Resources/libJPEG.dylib
0x000000002011f000 	/System/Library/Frameworks/ImageIO.framework/Versions/A/Resources/libTIFF.dylib
0x000000002011f000 	/System/Library/Frameworks/ImageIO.framework/Versions/A/Resources/libPng.dylib
0x000000002011f000 	/System/Library/Frameworks/ImageIO.framework/Versions/A/Resources/libGIF.dylib
0x000000002011f000 	/System/Library/Frameworks/ImageIO.framework/Versions/A/Resources/libJP2.dylib
0x000000002011f000 	/System/Library/Frameworks/ImageIO.framework/Versions/A/Resources/libRadiance.dylib
0x000000002011f000 	/usr/lib/libcompression.dylib
0x000000002011f000 	/System/Library/PrivateFrameworks/AppleJPEG.framework/Versions/A/AppleJPEG
0x000000002011f000 	/usr/lib/libcups.2.dylib
0x000000002011f000 	/System/Library/Frameworks/Kerberos.framework/Versions/A/Kerberos
0x000000002011f000 	/System/Library/Frameworks/GSS.framework/Versions/A/GSS
0x000000002011f000 	/usr/lib/libresolv.9.dylib
0x000000002011f000 	/usr/lib/libiconv.2.dylib
0x000000002011f000 	/System/Library/PrivateFrameworks/Heimdal.framework/Versions/A/Heimdal
0x000000002011f000 	/usr/lib/libheimdal-asn1.dylib
0x000000002011f000 	/System/Library/Frameworks/OpenDirectory.framework/Versions/A/OpenDirectory
0x000000002011f000 	/System/Library/PrivateFrameworks/CommonAuth.framework/Versions/A/CommonAuth
0x000000002011f000 	/System/Library/Frameworks/OpenDirectory.framework/Versions/A/Frameworks/CFOpenDirectory.framework/Versions/A/CFOpenDirectory
0x000000002011f000 	/System/Library/Frameworks/SecurityFoundation.framework/Versions/A/SecurityFoundation
0x000000002011f000 	/System/Library/PrivateFrameworks/LanguageModeling.framework/Versions/A/LanguageModeling
0x000000002011f000 	/usr/lib/libmarisa.dylib
0x000000002011f000 	/usr/lib/libChineseTokenizer.dylib
0x000000002011f000 	/usr/lib/libcmph.dylib
0x000000002011f000 	/System/Library/PrivateFrameworks/CoreEmoji.framework/Versions/A/CoreEmoji
0x000000002011f000 	/System/Library/Frameworks/ServiceManagement.framework/Versions/A/ServiceManagement
0x000000002011f000 	/usr/lib/libxslt.1.dylib
0x000000002011f000 	/System/Library/Frameworks/Carbon.framework/Versions/A/Frameworks/Ink.framework/Versions/A/Ink
0x000000002011f000 	/System/Library/PrivateFrameworks/TextureIO.framework/Versions/A/TextureIO
0x000000002011f000 	/System/Library/Frameworks/Metal.framework/Versions/A/Metal
0x000000002011f000 	/usr/lib/libate.dylib
0x000000002011f000 	/System/Library/PrivateFrameworks/GPUCompiler.framework/libmetal_timestamp.dylib
0x000000002011f000 	/System/Library/Frameworks/OpenGL.framework/Versions/A/Libraries/libCoreFSCache.dylib
0x000000002011f000 	/System/Library/PrivateFrameworks/IOAccelerator.framework/Versions/A/IOAccelerator
0x000000002011f000 	/System/Library/Frameworks/CoreVideo.framework/Versions/A/CoreVideo
0x000000002011f000 	/usr/lib/libFosl_dynamic.dylib
0x000000002011f000 	/System/Library/PrivateFrameworks/MetalPerformanceShaders.framework/Versions/A/MetalPerformanceShaders
0x000000002011f000 	/System/Library/PrivateFrameworks/FaceCore.framework/Versions/A/FaceCore
0x000000002011f000 	/System/Library/Frameworks/OpenCL.framework/Versions/A/OpenCL
0x000000002011f000 	/System/Library/Frameworks/OpenGL.framework/Versions/A/Libraries/libGLU.dylib
0x000000002011f000 	/System/Library/Frameworks/OpenGL.framework/Versions/A/Libraries/libGFXShared.dylib
0x000000002011f000 	/System/Library/Frameworks/OpenGL.framework/Versions/A/Libraries/libGL.dylib
0x000000002011f000 	/System/Library/Frameworks/OpenGL.framework/Versions/A/Libraries/libGLImage.dylib
0x000000002011f000 	/System/Library/Frameworks/OpenGL.framework/Versions/A/Libraries/libCVMSPluginSupport.dylib
0x000000002011f000 	/System/Library/Frameworks/OpenGL.framework/Versions/A/Libraries/libCoreVMClient.dylib
0x000000002011f000 	/System/Library/PrivateFrameworks/CrashReporterSupport.framework/Versions/A/CrashReporterSupport
0x000000002011f000 	/System/Library/PrivateFrameworks/Sharing.framework/Versions/A/Sharing
0x000000002011f000 	/System/Library/PrivateFrameworks/IconServices.framework/Versions/A/IconServices
0x000000002011f000 	/System/Library/PrivateFrameworks/ProtocolBuffer.framework/Versions/A/ProtocolBuffer
0x000000002011f000 	/System/Library/PrivateFrameworks/Apple80211.framework/Versions/A/Apple80211
0x000000002011f000 	/System/Library/Frameworks/CoreWLAN.framework/Versions/A/CoreWLAN
0x000000002011f000 	/System/Library/PrivateFrameworks/CoreUtils.framework/Versions/A/CoreUtils
0x000000002011f000 	/System/Library/Frameworks/IOBluetooth.framework/Versions/A/IOBluetooth
0x000000002011f000 	/System/Library/PrivateFrameworks/CoreWiFi.framework/Versions/A/CoreWiFi
0x000000002011f000 	/System/Library/Frameworks/CoreBluetooth.framework/Versions/A/CoreBluetooth
0x000000002011f000 	/System/Library/Frameworks/CoreDisplay.framework/Versions/A/CoreDisplay
0x000000002011f000 	/System/Library/PrivateFrameworks/IOPresentment.framework/Versions/A/IOPresentment
0x000000002011f000 	/System/Library/PrivateFrameworks/DebugSymbols.framework/Versions/A/DebugSymbols
0x000000002011f000 	/System/Library/PrivateFrameworks/CoreSymbolication.framework/Versions/A/CoreSymbolication
0x000000002011f000 	/System/Library/PrivateFrameworks/Symbolication.framework/Versions/A/Symbolication
0x000000002011f000 	/System/Library/PrivateFrameworks/AppleFSCompression.framework/Versions/A/AppleFSCompression
0x000000002011f000 	/System/Library/PrivateFrameworks/SpeechRecognitionCore.framework/Versions/A/SpeechRecognitionCore
0x000000002011f000 	/System/Library/PrivateFrameworks/ChunkingLibrary.framework/Versions/A/ChunkingLibrary
0x000000010da00000 	/Library/Java/JavaVirtualMachines/jdk1.8.0_66.jdk/Contents/Home/jre/lib/server/libjvm.dylib
0x000000002011f000 	/usr/lib/libstdc++.6.dylib
0x000000010d1e7000 	/Library/Java/JavaVirtualMachines/jdk1.8.0_66.jdk/Contents/Home/jre/lib/libverify.dylib
0x000000010e986000 	/Library/Java/JavaVirtualMachines/jdk1.8.0_66.jdk/Contents/Home/jre/lib/libjava.dylib
0x000000010e9bb000 	/Library/Java/JavaVirtualMachines/jdk1.8.0_66.jdk/Contents/Home/jre/lib/libzip.dylib
0x0000000112dbd000 	/System/Library/Frameworks/JavaVM.framework/Frameworks/JavaRuntimeSupport.framework/JavaRuntimeSupport
0x0000000112dd7000 	/System/Library/Frameworks/JavaVM.framework/Versions/A/Frameworks/JavaNativeFoundation.framework/Versions/A/JavaNativeFoundation
0x0000000112dec000 	/System/Library/Frameworks/JavaVM.framework/Versions/A/JavaVM
0x000000002011f000 	/System/Library/Frameworks/Carbon.framework/Versions/A/Carbon
0x0000000112df9000 	/System/Library/PrivateFrameworks/JavaLaunching.framework/Versions/A/JavaLaunching
0x000000002011f000 	/System/Library/Frameworks/Carbon.framework/Versions/A/Frameworks/CommonPanels.framework/Versions/A/CommonPanels
0x000000002011f000 	/System/Library/Frameworks/Carbon.framework/Versions/A/Frameworks/Help.framework/Versions/A/Help
0x000000002011f000 	/System/Library/Frameworks/Carbon.framework/Versions/A/Frameworks/ImageCapture.framework/Versions/A/ImageCapture
0x000000002011f000 	/System/Library/Frameworks/Carbon.framework/Versions/A/Frameworks/OpenScripting.framework/Versions/A/OpenScripting
0x000000002011f000 	/System/Library/Frameworks/Carbon.framework/Versions/A/Frameworks/Print.framework/Versions/A/Print
0x000000002011f000 	/System/Library/Frameworks/Carbon.framework/Versions/A/Frameworks/SecurityHI.framework/Versions/A/SecurityHI
0x0000000112ee5000 	/Library/Java/JavaVirtualMachines/jdk1.8.0_66.jdk/Contents/Home/jre/lib/libprism_es2.dylib
0x000000002011f000 	/System/Library/Frameworks/OpenGL.framework/Versions/A/Resources/GLEngine.bundle/GLEngine
0x000000002011f000 	/System/Library/Frameworks/OpenGL.framework/Versions/A/Libraries/libGLProgrammability.dylib
0x0000000112f4b000 	/System/Library/Extensions/AMDRadeonX3000GLDriver.bundle/Contents/MacOS/AMDRadeonX3000GLDriver
0x000000002011f000 	/System/Library/PrivateFrameworks/GPUSupport.framework/Versions/A/Libraries/libGPUSupportMercury.dylib
0x000000011302c000 	/System/Library/Extensions/AMDRadeonX3000GLDriver.bundle/Contents/MacOS/ATIRadeonX3000SCLib.dylib
0x000000002011f000 	/System/Library/Frameworks/OpenGL.framework/Versions/A/Resources/GLRendererFloat.bundle/GLRendererFloat
0x000000002011f000 	/System/Library/Frameworks/OpenCL.framework/Versions/A/Libraries/libcldcpuengine.dylib
0x000000002011f000 	/usr/lib/libcrypto.0.9.8.dylib
0x000000002011f000 	/System/Library/PrivateFrameworks/TrustEvaluationAgent.framework/Versions/A/TrustEvaluationAgent
0x00000001132d3000 	/Library/Java/JavaVirtualMachines/jdk1.8.0_66.jdk/Contents/Home/jre/lib/libglass.dylib
0x000000002011f000 	/System/Library/PrivateFrameworks/CoreServicesInternal.framework/Versions/A/CoreServicesInternal
0x000000002011f000 	/System/Library/CoreServices/RawCamera.bundle/Contents/MacOS/RawCamera
0x000000002011f000 	/System/Library/Frameworks/Accelerate.framework/Versions/A/Frameworks/vImage.framework/Versions/A/Libraries/libCGInterfaces.dylib
0x000000002011f000 	/System/Library/PrivateFrameworks/FamilyControls.framework/Versions/A/FamilyControls
0x000000002011f000 	/System/Library/PrivateFrameworks/CommerceKit.framework/Versions/A/Frameworks/CommerceCore.framework/Versions/A/CommerceCore
0x000000002011f000 	/System/Library/PrivateFrameworks/SystemAdministration.framework/Versions/A/SystemAdministration
0x000000002011f000 	/System/Library/PrivateFrameworks/AppContainer.framework/Versions/A/AppContainer
0x000000002011f000 	/System/Library/PrivateFrameworks/SecCodeWrapper.framework/Versions/A/SecCodeWrapper
0x000000002011f000 	/System/Library/Frameworks/DirectoryService.framework/Versions/A/DirectoryService
0x000000002011f000 	/System/Library/PrivateFrameworks/DiskImages.framework/Versions/A/DiskImages
0x000000002011f000 	/System/Library/PrivateFrameworks/LoginUIKit.framework/Versions/A/Frameworks/LoginUICore.framework/Versions/A/LoginUICore
0x000000002011f000 	/usr/lib/libCoreStorage.dylib
0x000000002011f000 	/usr/lib/libcsfde.dylib
0x000000002011f000 	/usr/lib/libodfde.dylib
0x000000002011f000 	/System/Library/Frameworks/DiscRecording.framework/Versions/A/DiscRecording
0x000000002011f000 	/usr/lib/libcurl.4.dylib
0x000000002011f000 	/System/Library/PrivateFrameworks/MediaKit.framework/Versions/A/MediaKit
0x000000002011f000 	/System/Library/PrivateFrameworks/ProtectedCloudStorage.framework/Versions/A/ProtectedCloudStorage
0x000000002011f000 	/System/Library/PrivateFrameworks/EFILogin.framework/Versions/A/EFILogin
0x000000002011f000 	/usr/lib/libutil.dylib
0x000000002011f000 	/System/Library/Frameworks/LDAP.framework/Versions/A/LDAP
0x000000002011f000 	/usr/lib/libsasl2.2.dylib
0x000000002011f000 	/System/Library/PrivateFrameworks/CoreDaemon.framework/Versions/B/CoreDaemon
0x000000002011f000 	/System/Library/PrivateFrameworks/AppleSRP.framework/Versions/A/AppleSRP
0x000000002011f000 	/System/Library/PrivateFrameworks/APFS.framework/Versions/A/APFS
0x0000000113ef6000 	/Library/Java/JavaVirtualMachines/jdk1.8.0_66.jdk/Contents/Home/jre/lib/libglib-lite.dylib
0x0000000126162000 	/Library/Java/JavaVirtualMachines/jdk1.8.0_66.jdk/Contents/Home/jre/lib/libgstreamer-lite.dylib
0x0000000114018000 	/Library/Java/JavaVirtualMachines/jdk1.8.0_66.jdk/Contents/Home/jre/lib/libjfxmedia.dylib
0x00000001262da000 	/Library/Java/JavaVirtualMachines/jdk1.8.0_66.jdk/Contents/Home/jre/lib/libjfxmedia_avf.dylib
0x000000002011f000 	/System/Library/Frameworks/AVFoundation.framework/Versions/A/AVFoundation
0x000000002011f000 	/System/Library/Frameworks/CoreMedia.framework/Versions/A/CoreMedia
0x000000002011f000 	/System/Library/Frameworks/MediaToolbox.framework/Versions/A/MediaToolbox
0x000000002011f000 	/System/Library/Frameworks/AVFoundation.framework/Versions/A/Frameworks/AVFAudio.framework/Versions/A/AVFAudio
0x000000002011f000 	/System/Library/Frameworks/VideoToolbox.framework/Versions/A/VideoToolbox
0x000000002011f000 	/System/Library/PrivateFrameworks/IntlPreferences.framework/Versions/A/IntlPreferences
0x000000002011f000 	/System/Library/Frameworks/CoreMediaIO.framework/Versions/A/CoreMediaIO
0x000000002011f000 	/usr/lib/libspindump.dylib
0x000000002011f000 	/usr/lib/libdscsym.dylib
0x000000002011f000 	/System/Library/PrivateFrameworks/CoreAVCHD.framework/Versions/A/CoreAVCHD
0x000000002011f000 	/System/Library/Frameworks/MediaAccessibility.framework/Versions/A/MediaAccessibility
0x000000002011f000 	/System/Library/PrivateFrameworks/Mangrove.framework/Versions/A/Mangrove
0x000000002011f000 	/System/Library/PrivateFrameworks/CoreAUC.framework/Versions/A/CoreAUC
0x000000002011f000 	/System/Library/PrivateFrameworks/AppleVA.framework/Versions/A/AppleVA
0x000000002011f000 	/System/Library/PrivateFrameworks/XPCService.framework/Versions/A/XPCService
0x000000002011f000 	/System/Library/PrivateFrameworks/AppSandbox.framework/Versions/A/AppSandbox
0x000000002011f000 	/usr/lib/libsandbox.1.dylib
0x000000002011f000 	/usr/lib/libMatch.1.dylib
0x000000011352f000 	/Library/Java/JavaVirtualMachines/jdk1.8.0_66.jdk/Contents/Home/jre/lib/libjfxmedia_qtkit.dylib
0x000000002011f000 	/System/Library/Frameworks/QTKit.framework/Versions/A/QTKit
0x000000002011f000 	/System/Library/PrivateFrameworks/CoreMediaAuthoring.framework/Versions/A/CoreMediaAuthoring
0x000000011353c000 	/Library/Java/JavaVirtualMachines/jdk1.8.0_66.jdk/Contents/Home/jre/lib/libjavafx_font.dylib
0x000000002011f000 	/System/Library/Frameworks/ApplicationServices.framework/Versions/A/Frameworks/ATS.framework/Versions/A/Resources/libTrueTypeScaler.dylib
0x00000001270c4000 	/Library/Java/JavaVirtualMachines/jdk1.8.0_66.jdk/Contents/Home/jre/lib/libfxplugins.dylib
0x0000000127006000 	/System/Library/Frameworks/VideoDecodeAcceleration.framework/Versions/A/VideoDecodeAcceleration
0x00000001270ef000 	/Library/Java/JavaVirtualMachines/jdk1.8.0_66.jdk/Contents/Home/jre/lib/libnet.dylib
0x0000000127106000 	/Library/Java/JavaVirtualMachines/jdk1.8.0_66.jdk/Contents/Home/jre/lib/libnio.dylib
0x000000002011f000 	/System/Library/PrivateFrameworks/AppleGVA.framework/Versions/A/AppleGVA
0x000000012741b000 	/System/Library/Extensions/AppleIntelHD3000GraphicsVADriver.bundle/Contents/MacOS/AppleIntelHD3000GraphicsVADriver
0x000000012755d000 	/System/Library/Extensions/AMDRadeonVADriver.bundle/Contents/MacOS/AMDRadeonVADriver
0x0000000127683000 	/System/Library/Extensions/AppleIntelSNBVA.bundle/Contents/MacOS/AppleIntelSNBVA
0x000000012859e000 	/System/Library/Extensions/AppleHDA.kext/Contents/PlugIns/AppleHDAHALPlugIn.bundle/Contents/MacOS/AppleHDAHALPlugIn
0x00000001285cf000 	/System/Library/Components/CoreAudio.component/Contents/MacOS/CoreAudio
0x0000000128910000 	/System/Library/Components/AudioCodecs.component/Contents/MacOS/AudioCodecs
0x000000012b02c000 	/Library/Java/JavaVirtualMachines/jdk1.8.0_66.jdk/Contents/Home/jre/lib/libprism_common.dylib

VM Arguments:
jvm_args: -Dfile.encoding=UTF-8 
java_command: cctv.level.crossing.Main
java_class_path (initial): /Users/joth/NetBeansProjects/CCTV Level Crossing/build/classes
Launcher Type: SUN_STANDARD

Environment Variables:
PATH=/usr/bin:/bin:/usr/sbin:/sbin
LD_LIBRARY_PATH=/Library/Java/JavaVirtualMachines/jdk1.8.0_66.jdk/Contents/Home/jre/lib/amd64:/Library/Java/JavaVirtualMachines/jdk1.8.0_66.jdk/Contents/Home/jre/lib/i386:
SHELL=/bin/bash
DISPLAY=/private/tmp/com.apple.launchd.PUWlbLbeNL/org.macosforge.xquartz:0

Signal Handlers:
SIGSEGV: [libjvm.dylib+0x5a65d5], sa_mask[0]=11111111011111110111111111111111, sa_flags=SA_ONSTACK|SA_RESTART|SA_SIGINFO
SIGBUS: [libjvm.dylib+0x5a65d5], sa_mask[0]=11111111011111110111111111111111, sa_flags=SA_RESTART|SA_SIGINFO
SIGFPE: [libjvm.dylib+0x4802e8], sa_mask[0]=11111111011111110111111111111111, sa_flags=SA_RESTART|SA_SIGINFO
SIGPIPE: [libjvm.dylib+0x4802e8], sa_mask[0]=11111111011111110111111111111111, sa_flags=SA_RESTART|SA_SIGINFO
SIGXFSZ: [libjvm.dylib+0x4802e8], sa_mask[0]=11111111011111110111111111111111, sa_flags=SA_RESTART|SA_SIGINFO
SIGILL: [libjvm.dylib+0x4802e8], sa_mask[0]=11111111011111110111111111111111, sa_flags=SA_RESTART|SA_SIGINFO
SIGUSR1: SIG_DFL, sa_mask[0]=00000000000000000000000000000000, sa_flags=none
SIGUSR2: [libjvm.dylib+0x47fe06], sa_mask[0]=00100000000000000000000000000000, sa_flags=SA_RESTART|SA_SIGINFO
SIGHUP: [libjvm.dylib+0x47e3dd], sa_mask[0]=11111111011111110111111111111111, sa_flags=SA_RESTART|SA_SIGINFO
SIGINT: SIG_IGN, sa_mask[0]=00000000000000000000000000000000, sa_flags=none
SIGTERM: [libjvm.dylib+0x47e3dd], sa_mask[0]=11111111011111110111111111111111, sa_flags=SA_RESTART|SA_SIGINFO
SIGQUIT: [libjvm.dylib+0x47e3dd], sa_mask[0]=11111111011111110111111111111111, sa_flags=SA_RESTART|SA_SIGINFO


---------------  S Y S T E M  ---------------

OS:Bsduname:Darwin 16.0.0 Darwin Kernel Version 16.0.0: Mon Aug 29 17:56:20 PDT 2016; root:xnu-3789.1.32~3/RELEASE_X86_64 x86_64
rlimit: STACK 8192k, CORE 0k, NPROC 709, NOFILE 10240, AS infinity
load average:2.66 2.16 1.92

CPU:total 4 (4 cores per cpu, 1 threads per core) family 6 model 42 stepping 7, cmov, cx8, fxsr, mmx, sse, sse2, sse3, ssse3, sse4.1, sse4.2, popcnt, avx, aes, clmul, tsc, tscinvbit

Memory: 4k page, physical 4194304k(82416k free)

/proc/meminfo:


vm_info: Java HotSpot(TM) 64-Bit Server VM (25.66-b17) for bsd-amd64 JRE (1.8.0_66-b17), built on Oct  6 2015 16:09:13 by "java_re" with gcc 4.2.1 (Based on Apple Inc. build 5658) (LLVM build 2336.11.00)

time: Mon Dec 19 07:51:01 2016
elapsed time: 25 seconds (0d 0h 0m 25s)

