#
# A fatal error has been detected by the Java Runtime Environment:
#
#  SIGSEGV (0xb) at pc=0x000000011f60889e, pid=2607, tid=108307
#
# JRE version: Java(TM) SE Runtime Environment (8.0_66-b17) (build 1.8.0_66-b17)
# Java VM: Java HotSpot(TM) 64-Bit Server VM (25.66-b17 mixed mode bsd-amd64 compressed oops)
# Problematic frame:
# C  [libjfxmedia_avf.dylib+0x789e]  _ZN18AVFKernelComponent18ProcessBufferListsERjRK15AudioBufferListRS1_j+0x22
#
# Failed to write core dump. Core dumps have been disabled. To enable core dumping, try "ulimit -c unlimited" before starting Java again
#
# If you would like to submit a bug report, please visit:
#   http://bugreport.java.com/bugreport/crash.jsp
#

---------------  T H R E A D  ---------------

Current thread is native thread

siginfo: si_signo: 11 (SIGSEGV), si_code: 0 (unknown), si_addr: 0x0000000000000000

Registers:
RAX=0x500007fb7a53371d, RBX=0x00007000088b8a54, RCX=0x00007fb7a2d65080, RDX=0x00007fb7a5239180
RSP=0x00007000088b87a0, RBP=0x00007000088b87a0, RSI=0x00007000088b8a54, RDI=0x00007fb7a5352f30
R8 =0x0000000000001000, R9 =0x00007000088b85b7, R10=0x000000011f623290, R11=0xfffffffffdb2bf00
R12=0x00007fb7a5283470, R13=0x00007fb7a5239180, R14=0x000000011f60887c, R15=0x0000000000001000
RIP=0x000000011f60889e, EFLAGS=0x0000000000010206, ERR=0x0000000000000000
  TRAPNO=0x000000000000000d

Top of Stack: (sp=0x00007000088b87a0)
0x00007000088b87a0:   00007000088b8800 000000011f611af2
0x00007000088b87b0:   0000000000000000 00007000088b8a54
0x00007000088b87c0:   0000000000000000 0000000000000000
0x00007000088b87d0:   0000000000000000 00007000088b8a54
0x00007000088b87e0:   00007fb7a5283470 00007fb7a2d64fc0
0x00007000088b87f0:   00007fb7a2d64480 0000000000001000
0x00007000088b8800:   00007000088b8850 000000011f60c3a9
0x00007000088b8810:   0000000000000000 00007000088b8a78
0x00007000088b8820:   0000000000000000 0000000000009fe0
0x00007000088b8830:   00007fb7a2d64fc0 00000000ffffffce
0x00007000088b8840:   0000000000001000 00007fb7a5283470
0x00007000088b8850:   00007000088b88c0 000000011f60a9e1
0x00007000088b8860:   00007fb7a2d64480 00009fe09442f17d
0x00007000088b8870:   00007000088b8a54 00007000088b8a78
0x00007000088b8880:   00000000088b88e0 00007fb7a2d64480
0x00007000088b8890:   00009fe000000000 00000000ffffffce
0x00007000088b88a0:   00007000088b8a54 0000000000000000
0x00007000088b88b0:   0000000000001000 00007000088b8a78
0x00007000088b88c0:   00007000088b88e0 000000011f60e9d6
0x00007000088b88d0:   00000000fffffffc 00007fb7a2d64940
0x00007000088b88e0:   00007000088b8920 000000011f60d7b7
0x00007000088b88f0:   00007fb7a2d64940 00007000088b8a78
0x00007000088b8900:   00007fb7a529c390 00000000ffffd584
0x00007000088b8910:   00007000088b8a54 0000000000001000
0x00007000088b8920:   00007000088b8980 000000011f611930
0x00007000088b8930:   0000000000000000 00007000088b8a54
0x00007000088b8940:   0000000000000000 0000000000000000
0x00007000088b8950:   0000000000000000 00007000088b8a54
0x00007000088b8960:   00007fb7a529c390 00007fb7a2d643c0
0x00007000088b8970:   00007fb7a5296188 0000000000001000
0x00007000088b8980:   00007000088b89d0 000000011f60c3a9
0x00007000088b8990:   0000000000000000 00007000088b8a78 

Instructions: (pc=0x000000011f60889e)
0x000000011f60887e:   89 e5 80 bf d0 01 00 00 00 74 06 5d e9 bf 92 00
0x000000011f60888e:   00 48 8b bf d8 01 00 00 48 85 ff 74 0a 48 8b 07
0x000000011f60889e:   48 8b 40 28 5d ff e0 31 c0 5d c3 90 55 48 89 e5
0x000000011f6088ae:   41 57 41 56 41 55 41 54 53 50 4d 89 c6 41 89 d5 

Register to memory mapping:

RAX=0x500007fb7a53371d is an unknown value
RBX=0x00007000088b8a54 is an unknown value
RCX=0x00007fb7a2d65080 is an unknown value
RDX=0x00007fb7a5239180 is an unknown value
RSP=0x00007000088b87a0 is an unknown value
RBP=0x00007000088b87a0 is an unknown value
RSI=0x00007000088b8a54 is an unknown value
RDI=0x00007fb7a5352f30 is an unknown value
R8 =0x0000000000001000 is an unknown value
R9 =0x00007000088b85b7 is an unknown value
R10=0x000000011f623290: _ZTV18AVFEqualizerKernel+0x10 in /Library/Java/JavaVirtualMachines/jdk1.8.0_66.jdk/Contents/Home/jre/lib/libjfxmedia_avf.dylib at 0x000000011f601000
R11=0xfffffffffdb2bf00 is an unknown value
R12=0x00007fb7a5283470 is an unknown value
R13=0x00007fb7a5239180 is an unknown value
R14=0x000000011f60887c: _ZN18AVFKernelComponent18ProcessBufferListsERjRK15AudioBufferListRS1_j+0 in /Library/Java/JavaVirtualMachines/jdk1.8.0_66.jdk/Contents/Home/jre/lib/libjfxmedia_avf.dylib at 0x000000011f601000
R15=0x0000000000001000 is an unknown value


Stack: [0x0000700008839000,0x00007000088b9000],  sp=0x00007000088b87a0,  free space=509k
Native frames: (J=compiled Java code, j=interpreted, Vv=VM code, C=native code)
C  [libjfxmedia_avf.dylib+0x789e]  _ZN18AVFKernelComponent18ProcessBufferListsERjRK15AudioBufferListRS1_j+0x22
C  [libjfxmedia_avf.dylib+0x10af2]  _ZN12AUEffectBase6RenderERjRK14AudioTimeStampj+0x240
C  [libjfxmedia_avf.dylib+0xb3a9]  _ZN6AUBase11DoRenderBusERjRK14AudioTimeStampjP15AUOutputElementjR15AudioBufferList+0xa9
C  [libjfxmedia_avf.dylib+0x99e1]  _ZN6AUBase8DoRenderERjRK14AudioTimeStampjjR15AudioBufferList+0x1b9
C  [libjfxmedia_avf.dylib+0xd9d6]  _ZL14AUMethodRenderPvPjPK14AudioTimeStampjjP15AudioBufferList+0x2e
C  [libjfxmedia_avf.dylib+0xc7b7]  _ZN14AUInputElement9PullInputERjRK14AudioTimeStampjj+0x8d
C  [libjfxmedia_avf.dylib+0x10930]  _ZN12AUEffectBase6RenderERjRK14AudioTimeStampj+0x7e
C  [libjfxmedia_avf.dylib+0xb3a9]  _ZN6AUBase11DoRenderBusERjRK14AudioTimeStampjP15AUOutputElementjR15AudioBufferList+0xa9
C  [libjfxmedia_avf.dylib+0x99e1]  _ZN6AUBase8DoRenderERjRK14AudioTimeStampjjR15AudioBufferList+0x1b9
C  [libjfxmedia_avf.dylib+0xd9d6]  _ZL14AUMethodRenderPvPjPK14AudioTimeStampjjP15AudioBufferList+0x2e
C  [libjfxmedia_avf.dylib+0x54f1]  _ZL15ProcessAudioTapPKvljP15AudioBufferListPlPj+0x63
C  [MediaToolbox+0x3663c5]  MTAudioProcessingTapGetSourceAudio+0x852
C  [AudioToolbox+0xe590f]  _Z25AQClientCallProcessingTapPvjP14AudioTimeStampPjS2_P15AudioBufferListidjdjPKhj+0x5d
C  [AudioToolbox+0x16ca90]  _ZN15AQProcessingTap9DoCalloutERjR14AudioTimeStampS0_R15AudioBufferList+0xbc
C  [AudioToolbox+0x16c88f]  _ZN16AudioQueueObject18PerformTapInternalER14AudioTimeStampRjS2_+0x85
C  [AudioToolbox+0x16c795]  _ZN16AudioQueueObject20PerformProcessingTapEPFiPvRjRK14AudioTimeStampjR15AudioBufferListRdS1_ES0_RS2_S1_S6_S1_+0xc5
C  [AudioToolbox+0x177525]  _ZN14MEMixerChannel13TapDownstreamEPvPjPK14AudioTimeStampjjP15AudioBufferList+0x81
C  [CoreAudio+0x10ef05]  _ZN14AUInputElement9PullInputERjRK14AudioTimeStampjj+0xb9
C  [CoreAudio+0x5e9c4]  _ZN18AUDeferredRenderer7ProduceEv+0x240
C  [CoreAudio+0x5e6fb]  _ZN18AUDeferredRenderer18ProducerThreadProcEv+0x31
C  [CoreAudio+0x5e0fb]  _ZN18AUDeferredRenderer18ProducerThreadProcEPv+0x1f
C  [CoreAudio+0x124fb5]  _ZN9CAPThread5EntryEPS_+0x55
C  [libsystem_pthread.dylib+0x3abb]  _pthread_body+0xb4
C  [libsystem_pthread.dylib+0x3a07]  _pthread_body+0x0
C  [libsystem_pthread.dylib+0x3231]  thread_start+0xd


---------------  P R O C E S S  ---------------

VM state:not at safepoint (normal execution)

VM Mutex/Monitor currently owned by a thread: None

Heap:
 PSYoungGen      total 23040K, used 16215K [0x00000007aab00000, 0x00000007ac800000, 0x00000007c0000000)
  eden space 16384K, 97% used [0x00000007aab00000,0x00000007abaaddb8,0x00000007abb00000)
  from space 6656K, 2% used [0x00000007ac180000,0x00000007ac1a8000,0x00000007ac800000)
  to   space 6656K, 0% used [0x00000007abb00000,0x00000007abb00000,0x00000007ac180000)
 ParOldGen       total 44032K, used 7677K [0x0000000780000000, 0x0000000782b00000, 0x00000007aab00000)
  object space 44032K, 17% used [0x0000000780000000,0x000000078077f7d0,0x0000000782b00000)
 Metaspace       used 17885K, capacity 18694K, committed 18816K, reserved 1064960K
  class space    used 2354K, capacity 2575K, committed 2688K, reserved 1048576K

Card table byte_map: [0x00000001071c0000,0x00000001073c1000] byte_map_base: 0x00000001035c0000

Marking Bits: (ParMarkBitMap*) 0x000000010810ce20
 Begin Bits: [0x00000001177b5000, 0x00000001187b5000)
 End Bits:   [0x00000001187b5000, 0x00000001197b5000)

Polling page: 0x0000000106562000

CodeCache: size=245760Kb used=9445Kb max_used=9456Kb free=236314Kb
 bounds [0x00000001087b5000, 0x0000000109105000, 0x00000001177b5000]
 total_blobs=3748 nmethods=3096 adapters=565
 compilation: enabled

Compilation events (10 events):
Event: 32.605 Thread 0x00007fb7a4019000 3117   !   4       com.sun.javafx.sg.prism.NGGroup::renderContent (436 bytes)
Event: 32.615 Thread 0x00007fb7a4019000 nmethod 3117 0x00000001090f61d0 code [0x00000001090f63e0, 0x00000001090f6c18]
Event: 33.181 Thread 0x00007fb7a383d000 3118       3       com.sun.javafx.event.BasicEventDispatcher::dispatchBubblingEvent (2 bytes)
Event: 33.181 Thread 0x00007fb7a383d000 nmethod 3118 0x00000001090f2f50 code [0x00000001090f30a0, 0x00000001090f31f0]
Event: 33.182 Thread 0x00007fb7a383d000 3119       3       java.lang.invoke.MethodHandles::access$000 (4 bytes)
Event: 33.183 Thread 0x00007fb7a383d000 nmethod 3119 0x00000001090f2c50 code [0x00000001090f2da0, 0x00000001090f2ed0]
Event: 33.183 Thread 0x00007fb7a383d000 3120       3       jdk.internal.org.objectweb.asm.MethodVisitor::visitVarInsn (17 bytes)
Event: 33.183 Thread 0x00007fb7a383d000 nmethod 3120 0x00000001090f2790 code [0x00000001090f2900, 0x00000001090f2b68]
Event: 33.190 Thread 0x00007fb7a3003000 3121       4       java.lang.Math::round (70 bytes)
Event: 33.190 Thread 0x00007fb7a3003000 nmethod 3121 0x00000001090f4a10 code [0x00000001090f4b60, 0x00000001090f4c58]

GC Heap History (10 events):
Event: 4.883 GC heap before
{Heap before GC invocations=4 (full 0):
 PSYoungGen      total 18944K, used 18912K [0x00000007aab00000, 0x00000007ac000000, 0x00000007c0000000)
  eden space 16384K, 100% used [0x00000007aab00000,0x00000007abb00000,0x00000007abb00000)
  from space 2560K, 98% used [0x00000007abb00000,0x00000007abd78040,0x00000007abd80000)
  to   space 2560K, 0% used [0x00000007abd80000,0x00000007abd80000,0x00000007ac000000)
 ParOldGen       total 44032K, used 2191K [0x0000000780000000, 0x0000000782b00000, 0x00000007aab00000)
  object space 44032K, 4% used [0x0000000780000000,0x0000000780223c98,0x0000000782b00000)
 Metaspace       used 17003K, capacity 17788K, committed 18048K, reserved 1064960K
  class space    used 2339K, capacity 2562K, committed 2688K, reserved 1048576K
Event: 4.890 GC heap after
Heap after GC invocations=4 (full 0):
 PSYoungGen      total 18944K, used 2544K [0x00000007aab00000, 0x00000007ac000000, 0x00000007c0000000)
  eden space 16384K, 0% used [0x00000007aab00000,0x00000007aab00000,0x00000007abb00000)
  from space 2560K, 99% used [0x00000007abd80000,0x00000007abffc030,0x00000007ac000000)
  to   space 2560K, 0% used [0x00000007abb00000,0x00000007abb00000,0x00000007abd80000)
 ParOldGen       total 44032K, used 5092K [0x0000000780000000, 0x0000000782b00000, 0x00000007aab00000)
  object space 44032K, 11% used [0x0000000780000000,0x00000007804f91d8,0x0000000782b00000)
 Metaspace       used 17003K, capacity 17788K, committed 18048K, reserved 1064960K
  class space    used 2339K, capacity 2562K, committed 2688K, reserved 1048576K
}
Event: 10.505 GC heap before
{Heap before GC invocations=5 (full 0):
 PSYoungGen      total 18944K, used 18928K [0x00000007aab00000, 0x00000007ac000000, 0x00000007c0000000)
  eden space 16384K, 100% used [0x00000007aab00000,0x00000007abb00000,0x00000007abb00000)
  from space 2560K, 99% used [0x00000007abd80000,0x00000007abffc030,0x00000007ac000000)
  to   space 2560K, 0% used [0x00000007abb00000,0x00000007abb00000,0x00000007abd80000)
 ParOldGen       total 44032K, used 5092K [0x0000000780000000, 0x0000000782b00000, 0x00000007aab00000)
  object space 44032K, 11% used [0x0000000780000000,0x00000007804f91d8,0x0000000782b00000)
 Metaspace       used 17628K, capacity 18382K, committed 18560K, reserved 1064960K
  class space    used 2346K, capacity 2563K, committed 2688K, reserved 1048576K
Event: 10.513 GC heap after
Heap after GC invocations=5 (full 0):
 PSYoungGen      total 18944K, used 2544K [0x00000007aab00000, 0x00000007ac700000, 0x00000007c0000000)
  eden space 16384K, 0% used [0x00000007aab00000,0x00000007aab00000,0x00000007abb00000)
  from space 2560K, 99% used [0x00000007abb00000,0x00000007abd7c030,0x00000007abd80000)
  to   space 6144K, 0% used [0x00000007ac100000,0x00000007ac100000,0x00000007ac700000)
 ParOldGen       total 44032K, used 5174K [0x0000000780000000, 0x0000000782b00000, 0x00000007aab00000)
  object space 44032K, 11% used [0x0000000780000000,0x000000078050d9e8,0x0000000782b00000)
 Metaspace       used 17628K, capacity 18382K, committed 18560K, reserved 1064960K
  class space    used 2346K, capacity 2563K, committed 2688K, reserved 1048576K
}
Event: 16.391 GC heap before
{Heap before GC invocations=6 (full 0):
 PSYoungGen      total 18944K, used 18928K [0x00000007aab00000, 0x00000007ac700000, 0x00000007c0000000)
  eden space 16384K, 100% used [0x00000007aab00000,0x00000007abb00000,0x00000007abb00000)
  from space 2560K, 99% used [0x00000007abb00000,0x00000007abd7c030,0x00000007abd80000)
  to   space 6144K, 0% used [0x00000007ac100000,0x00000007ac100000,0x00000007ac700000)
 ParOldGen       total 44032K, used 5174K [0x0000000780000000, 0x0000000782b00000, 0x00000007aab00000)
  object space 44032K, 11% used [0x0000000780000000,0x000000078050d9e8,0x0000000782b00000)
 Metaspace       used 17777K, capacity 18574K, committed 18816K, reserved 1064960K
  class space    used 2347K, capacity 2563K, committed 2688K, reserved 1048576K
Event: 16.398 GC heap after
Heap after GC invocations=6 (full 0):
 PSYoungGen      total 22528K, used 2576K [0x00000007aab00000, 0x00000007ac700000, 0x00000007c0000000)
  eden space 16384K, 0% used [0x00000007aab00000,0x00000007aab00000,0x00000007abb00000)
  from space 6144K, 41% used [0x00000007ac100000,0x00000007ac384030,0x00000007ac700000)
  to   space 6144K, 0% used [0x00000007abb00000,0x00000007abb00000,0x00000007ac100000)
 ParOldGen       total 44032K, used 5182K [0x0000000780000000, 0x0000000782b00000, 0x00000007aab00000)
  object space 44032K, 11% used [0x0000000780000000,0x000000078050f9e8,0x0000000782b00000)
 Metaspace       used 17777K, capacity 18574K, committed 18816K, reserved 1064960K
  class space    used 2347K, capacity 2563K, committed 2688K, reserved 1048576K
}
Event: 22.912 GC heap before
{Heap before GC invocations=7 (full 0):
 PSYoungGen      total 22528K, used 18960K [0x00000007aab00000, 0x00000007ac700000, 0x00000007c0000000)
  eden space 16384K, 100% used [0x00000007aab00000,0x00000007abb00000,0x00000007abb00000)
  from space 6144K, 41% used [0x00000007ac100000,0x00000007ac384030,0x00000007ac700000)
  to   space 6144K, 0% used [0x00000007abb00000,0x00000007abb00000,0x00000007ac100000)
 ParOldGen       total 44032K, used 5182K [0x0000000780000000, 0x0000000782b00000, 0x00000007aab00000)
  object space 44032K, 11% used [0x0000000780000000,0x000000078050f9e8,0x0000000782b00000)
 Metaspace       used 17797K, capacity 18638K, committed 18816K, reserved 1064960K
  class space    used 2347K, capacity 2563K, committed 2688K, reserved 1048576K
Event: 22.919 GC heap after
Heap after GC invocations=7 (full 0):
 PSYoungGen      total 22528K, used 704K [0x00000007aab00000, 0x00000007ac800000, 0x00000007c0000000)
  eden space 16384K, 0% used [0x00000007aab00000,0x00000007aab00000,0x00000007abb00000)
  from space 6144K, 11% used [0x00000007abb00000,0x00000007abbb0000,0x00000007ac100000)
  to   space 6656K, 0% used [0x00000007ac180000,0x00000007ac180000,0x00000007ac800000)
 ParOldGen       total 44032K, used 7066K [0x0000000780000000, 0x0000000782b00000, 0x00000007aab00000)
  object space 44032K, 16% used [0x0000000780000000,0x00000007806e6a88,0x0000000782b00000)
 Metaspace       used 17797K, capacity 18638K, committed 18816K, reserved 1064960K
  class space    used 2347K, capacity 2563K, committed 2688K, reserved 1048576K
}
Event: 27.521 GC heap before
{Heap before GC invocations=8 (full 0):
 PSYoungGen      total 22528K, used 17088K [0x00000007aab00000, 0x00000007ac800000, 0x00000007c0000000)
  eden space 16384K, 100% used [0x00000007aab00000,0x00000007abb00000,0x00000007abb00000)
  from space 6144K, 11% used [0x00000007abb00000,0x00000007abbb0000,0x00000007ac100000)
  to   space 6656K, 0% used [0x00000007ac180000,0x00000007ac180000,0x00000007ac800000)
 ParOldGen       total 44032K, used 7066K [0x0000000780000000, 0x0000000782b00000, 0x00000007aab00000)
  object space 44032K, 16% used [0x0000000780000000,0x00000007806e6a88,0x0000000782b00000)
 Metaspace       used 17842K, capacity 18644K, committed 18816K, reserved 1064960K
  class space    used 2348K, capacity 2564K, committed 2688K, reserved 1048576K
Event: 27.523 GC heap after
Heap after GC invocations=8 (full 0):
 PSYoungGen      total 23040K, used 160K [0x00000007aab00000, 0x00000007ac800000, 0x00000007c0000000)
  eden space 16384K, 0% used [0x00000007aab00000,0x00000007aab00000,0x00000007abb00000)
  from space 6656K, 2% used [0x00000007ac180000,0x00000007ac1a8000,0x00000007ac800000)
  to   space 6656K, 0% used [0x00000007abb00000,0x00000007abb00000,0x00000007ac180000)
 ParOldGen       total 44032K, used 7677K [0x0000000780000000, 0x0000000782b00000, 0x00000007aab00000)
  object space 44032K, 17% used [0x0000000780000000,0x000000078077f7d0,0x0000000782b00000)
 Metaspace       used 17842K, capacity 18644K, committed 18816K, reserved 1064960K
  class space    used 2348K, capacity 2564K, committed 2688K, reserved 1048576K
}

Deoptimization events (10 events):
Event: 3.154 Thread 0x00007fb7a3880800 Uncommon trap: reason=array_check action=maybe_recompile pc=0x0000000108c0b84c method=com.sun.javafx.css.SimpleSelector.applies(Ljavafx/css/Styleable;[Ljava/util/Set;I)Z @ 37
Event: 3.155 Thread 0x00007fb7a3880800 Uncommon trap: reason=unstable_if action=reinterpret pc=0x0000000108a89a8c method=java.util.HashMap.putVal(ILjava/lang/Object;Ljava/lang/Object;ZZ)Ljava/lang/Object; @ 193
Event: 3.478 Thread 0x00007fb7a3880800 Uncommon trap: reason=unstable_if action=reinterpret pc=0x0000000108b97b4c method=jdk.internal.org.objectweb.asm.Type.getArgumentsAndReturnSizes(Ljava/lang/String;)I @ 47
Event: 5.515 Thread 0x00007fb7a3b1f000 Uncommon trap: reason=unstable_if action=reinterpret pc=0x0000000108d9b098 method=java.util.ArrayList$Itr.checkForComodification()V @ 11
Event: 22.459 Thread 0x00007fb7a494e800 Uncommon trap: reason=unstable_if action=reinterpret pc=0x000000010906fb18 method=com.sun.prism.impl.ManagedResource.bumpAge(I)V @ 7
Event: 25.208 Thread 0x00007fb7a494e800 Uncommon trap: reason=unstable_if action=reinterpret pc=0x0000000108ff4ee8 method=com.sun.javafx.sg.prism.NGGroup.renderContent(Lcom/sun/prism/Graphics;)V @ 18
Event: 25.209 Thread 0x00007fb7a494e800 Uncommon trap: reason=unstable_if action=reinterpret pc=0x0000000109066954 method=com.sun.scenario.effect.impl.state.BoxRenderState.getPassKernelSize()I @ 8
Event: 25.616 Thread 0x00007fb7a494e800 Uncommon trap: reason=unstable_if action=reinterpret pc=0x000000010909a244 method=com.sun.scenario.effect.impl.EffectPeer.getTextureCoordinates([FFFFFLcom/sun/javafx/geom/Rectangle;Lcom/sun/javafx/geom/transform/BaseTransform;)I @ 49
Event: 33.181 Thread 0x00007fb7a3880800 Uncommon trap: reason=unstable_if action=reinterpret pc=0x0000000108f82ae0 method=java.util.ArrayList.remove(Ljava/lang/Object;)Z @ 46
Event: 33.184 Thread 0x00007fb7a3880800 Uncommon trap: reason=predicate action=maybe_recompile pc=0x0000000108fe24d0 method=java.util.ArrayList.indexOf(Ljava/lang/Object;)I @ 44

Internal exceptions (10 events):
Event: 1.962 Thread 0x00007fb7a3880800 Exception <a 'java/lang/NullPointerException'> (0x00000007ab55e9a0) thrown at [/HUDSON3/workspace/8-2-build-macosx-x86_64/jdk8u66/4988/hotspot/src/share/vm/interpreter/linkResolver.cpp, line 1280]
Event: 2.270 Thread 0x00007fb7a3880800 Exception <a 'java/lang/NullPointerException'> (0x00000007ab7be9a0) thrown at [/HUDSON3/workspace/8-2-build-macosx-x86_64/jdk8u66/4988/hotspot/src/share/vm/interpreter/linkResolver.cpp, line 1280]
Event: 2.593 Thread 0x00007fb7a3880800 Exception <a 'java/lang/NullPointerException'> (0x00000007aaceadc8) thrown at [/HUDSON3/workspace/8-2-build-macosx-x86_64/jdk8u66/4988/hotspot/src/share/vm/interpreter/linkResolver.cpp, line 1280]
Event: 2.701 Thread 0x00007fb7a3880800 Exception <a 'java/lang/NullPointerException'> (0x00000007aacf8410) thrown at [/HUDSON3/workspace/8-2-build-macosx-x86_64/jdk8u66/4988/hotspot/src/share/vm/interpreter/linkResolver.cpp, line 1280]
Event: 2.808 Thread 0x00007fb7a3880800 Exception <a 'java/lang/NullPointerException'> (0x00000007aad03640) thrown at [/HUDSON3/workspace/8-2-build-macosx-x86_64/jdk8u66/4988/hotspot/src/share/vm/interpreter/linkResolver.cpp, line 1280]
Event: 2.866 Thread 0x00007fb7a3880800 Exception <a 'java/lang/NullPointerException'> (0x00000007aad0e9b0) thrown at [/HUDSON3/workspace/8-2-build-macosx-x86_64/jdk8u66/4988/hotspot/src/share/vm/interpreter/linkResolver.cpp, line 1280]
Event: 2.941 Thread 0x00007fb7a3880800 Implicit null exception at 0x0000000108aab4f5 to 0x0000000108aab731
Event: 2.941 Thread 0x00007fb7a3880800 Implicit null exception at 0x0000000108a8a53b to 0x0000000108a8af79
Event: 3.148 Thread 0x00007fb7a3880800 Implicit null exception at 0x0000000108bf7d2d to 0x0000000108bf7d7d
Event: 25.208 Thread 0x00007fb7a494e800 Implicit null exception at 0x0000000108ff46d4 to 0x0000000108ff4ed0

Events (10 events):
Event: 33.217 Thread 0x00007fb7a7089000 Thread exited: 0x00007fb7a7089000
Event: 33.219 loading class com/sun/javafx/tk/quantum/QuantumRenderer
Event: 33.219 loading class com/sun/javafx/tk/quantum/QuantumRenderer done
Event: 33.219 loading class com/sun/javafx/tk/quantum/QuantumToolkit
Event: 33.219 loading class com/sun/javafx/tk/quantum/QuantumToolkit done
Event: 33.219 Thread 0x00007fb7a494e800 Thread exited: 0x00007fb7a494e800
Event: 33.220 Thread 0x00007fb7a496e800 Thread exited: 0x00007fb7a496e800
Event: 33.220 Thread 0x00007fb7a3802800 Thread exited: 0x00007fb7a3802800
Event: 33.220 Thread 0x00007fb7a3880800 Thread exited: 0x00007fb7a3880800
Event: 33.220 Thread 0x00007fb7a496e800 Thread added: 0x00007fb7a496e800


Dynamic libraries:
0x000000002011f000 	/System/Library/Frameworks/Cocoa.framework/Versions/A/Cocoa
0x000000002011f000 	/System/Library/Frameworks/Security.framework/Versions/A/Security
0x000000002011f000 	/System/Library/Frameworks/ApplicationServices.framework/Versions/A/ApplicationServices
0x000000002011f000 	/usr/lib/libz.1.dylib
0x000000002011f000 	/usr/lib/libSystem.B.dylib
0x000000002011f000 	/usr/lib/libobjc.A.dylib
0x000000002011f000 	/System/Library/Frameworks/CoreFoundation.framework/Versions/A/CoreFoundation
0x000000002011f000 	/System/Library/Frameworks/Foundation.framework/Versions/C/Foundation
0x000000002011f000 	/System/Library/Frameworks/AppKit.framework/Versions/C/AppKit
0x000000002011f000 	/System/Library/Frameworks/CoreData.framework/Versions/A/CoreData
0x000000002011f000 	/System/Library/PrivateFrameworks/RemoteViewServices.framework/Versions/A/RemoteViewServices
0x000000002011f000 	/System/Library/PrivateFrameworks/UIFoundation.framework/Versions/A/UIFoundation
0x000000002011f000 	/usr/lib/libenergytrace.dylib
0x000000002011f000 	/System/Library/PrivateFrameworks/SkyLight.framework/Versions/A/SkyLight
0x000000002011f000 	/System/Library/Frameworks/CoreGraphics.framework/Versions/A/CoreGraphics
0x000000002011f000 	/usr/lib/libScreenReader.dylib
0x000000002011f000 	/System/Library/Frameworks/Accelerate.framework/Versions/A/Accelerate
0x000000002011f000 	/System/Library/Frameworks/IOSurface.framework/Versions/A/IOSurface
0x000000002011f000 	/System/Library/Frameworks/AudioToolbox.framework/Versions/A/AudioToolbox
0x000000002011f000 	/System/Library/Frameworks/AudioUnit.framework/Versions/A/AudioUnit
0x000000002011f000 	/System/Library/PrivateFrameworks/DataDetectorsCore.framework/Versions/A/DataDetectorsCore
0x000000002011f000 	/System/Library/PrivateFrameworks/DesktopServicesPriv.framework/Versions/A/DesktopServicesPriv
0x000000002011f000 	/System/Library/Frameworks/Carbon.framework/Versions/A/Frameworks/HIToolbox.framework/Versions/A/HIToolbox
0x000000002011f000 	/usr/lib/libicucore.A.dylib
0x000000002011f000 	/System/Library/Frameworks/QuartzCore.framework/Versions/A/QuartzCore
0x000000002011f000 	/System/Library/Frameworks/Carbon.framework/Versions/A/Frameworks/SpeechRecognition.framework/Versions/A/SpeechRecognition
0x000000002011f000 	/usr/lib/libauto.dylib
0x000000002011f000 	/usr/lib/libxml2.2.dylib
0x000000002011f000 	/System/Library/PrivateFrameworks/CoreUI.framework/Versions/A/CoreUI
0x000000002011f000 	/System/Library/Frameworks/CoreAudio.framework/Versions/A/CoreAudio
0x000000002011f000 	/System/Library/Frameworks/DiskArbitration.framework/Versions/A/DiskArbitration
0x000000002011f000 	/usr/lib/liblangid.dylib
0x000000002011f000 	/System/Library/PrivateFrameworks/MultitouchSupport.framework/Versions/A/MultitouchSupport
0x000000002011f000 	/System/Library/Frameworks/IOKit.framework/Versions/A/IOKit
0x000000002011f000 	/usr/lib/libDiagnosticMessagesClient.dylib
0x000000002011f000 	/System/Library/Frameworks/CoreServices.framework/Versions/A/CoreServices
0x000000002011f000 	/System/Library/PrivateFrameworks/PerformanceAnalysis.framework/Versions/A/PerformanceAnalysis
0x000000002011f000 	/System/Library/PrivateFrameworks/GenerationalStorage.framework/Versions/A/GenerationalStorage
0x000000002011f000 	/System/Library/Frameworks/OpenGL.framework/Versions/A/OpenGL
0x000000002011f000 	/System/Library/Frameworks/CoreImage.framework/Versions/A/CoreImage
0x000000002011f000 	/System/Library/Frameworks/CoreText.framework/Versions/A/CoreText
0x000000002011f000 	/System/Library/Frameworks/ImageIO.framework/Versions/A/ImageIO
0x000000002011f000 	/System/Library/PrivateFrameworks/Backup.framework/Versions/A/Backup
0x000000002011f000 	/usr/lib/libarchive.2.dylib
0x000000002011f000 	/System/Library/Frameworks/CFNetwork.framework/Versions/A/CFNetwork
0x000000002011f000 	/System/Library/Frameworks/SystemConfiguration.framework/Versions/A/SystemConfiguration
0x000000002011f000 	/usr/lib/libCRFSuite.dylib
0x000000002011f000 	/usr/lib/libc++.1.dylib
0x000000002011f000 	/usr/lib/libc++abi.dylib
0x000000002011f000 	/usr/lib/system/libcache.dylib
0x000000002011f000 	/usr/lib/system/libcommonCrypto.dylib
0x000000002011f000 	/usr/lib/system/libcompiler_rt.dylib
0x000000002011f000 	/usr/lib/system/libcopyfile.dylib
0x000000002011f000 	/usr/lib/system/libcorecrypto.dylib
0x000000002011f000 	/usr/lib/system/libdispatch.dylib
0x000000002011f000 	/usr/lib/system/libdyld.dylib
0x000000002011f000 	/usr/lib/system/libkeymgr.dylib
0x000000002011f000 	/usr/lib/system/liblaunch.dylib
0x000000002011f000 	/usr/lib/system/libmacho.dylib
0x000000002011f000 	/usr/lib/system/libquarantine.dylib
0x000000002011f000 	/usr/lib/system/libremovefile.dylib
0x000000002011f000 	/usr/lib/system/libsystem_asl.dylib
0x000000002011f000 	/usr/lib/system/libsystem_blocks.dylib
0x000000002011f000 	/usr/lib/system/libsystem_c.dylib
0x000000002011f000 	/usr/lib/system/libsystem_configuration.dylib
0x000000002011f000 	/usr/lib/system/libsystem_coreservices.dylib
0x000000002011f000 	/usr/lib/system/libsystem_coretls.dylib
0x000000002011f000 	/usr/lib/system/libsystem_dnssd.dylib
0x000000002011f000 	/usr/lib/system/libsystem_info.dylib
0x000000002011f000 	/usr/lib/system/libsystem_kernel.dylib
0x000000002011f000 	/usr/lib/system/libsystem_m.dylib
0x000000002011f000 	/usr/lib/system/libsystem_malloc.dylib
0x000000002011f000 	/usr/lib/system/libsystem_network.dylib
0x000000002011f000 	/usr/lib/system/libsystem_networkextension.dylib
0x000000002011f000 	/usr/lib/system/libsystem_notify.dylib
0x000000002011f000 	/usr/lib/system/libsystem_platform.dylib
0x000000002011f000 	/usr/lib/system/libsystem_pthread.dylib
0x000000002011f000 	/usr/lib/system/libsystem_sandbox.dylib
0x000000002011f000 	/usr/lib/system/libsystem_secinit.dylib
0x000000002011f000 	/usr/lib/system/libsystem_symptoms.dylib
0x000000002011f000 	/usr/lib/system/libsystem_trace.dylib
0x000000002011f000 	/usr/lib/system/libunwind.dylib
0x000000002011f000 	/usr/lib/system/libxpc.dylib
0x000000002011f000 	/usr/lib/libbsm.0.dylib
0x000000002011f000 	/usr/lib/system/libkxld.dylib
0x000000002011f000 	/usr/lib/libcoretls.dylib
0x000000002011f000 	/usr/lib/libcoretls_cfhelpers.dylib
0x000000002011f000 	/usr/lib/libxar.1.dylib
0x000000002011f000 	/usr/lib/libsqlite3.dylib
0x000000002011f000 	/usr/lib/libpam.2.dylib
0x000000002011f000 	/usr/lib/libOpenScriptingUtil.dylib
0x000000002011f000 	/usr/lib/libbz2.1.0.dylib
0x000000002011f000 	/usr/lib/liblzma.5.dylib
0x000000002011f000 	/usr/lib/libnetwork.dylib
0x000000002011f000 	/usr/lib/libpcap.A.dylib
0x000000002011f000 	/System/Library/Frameworks/CoreServices.framework/Versions/A/Frameworks/FSEvents.framework/Versions/A/FSEvents
0x000000002011f000 	/System/Library/Frameworks/CoreServices.framework/Versions/A/Frameworks/CarbonCore.framework/Versions/A/CarbonCore
0x000000002011f000 	/System/Library/Frameworks/CoreServices.framework/Versions/A/Frameworks/Metadata.framework/Versions/A/Metadata
0x000000002011f000 	/System/Library/Frameworks/CoreServices.framework/Versions/A/Frameworks/OSServices.framework/Versions/A/OSServices
0x000000002011f000 	/System/Library/Frameworks/CoreServices.framework/Versions/A/Frameworks/SearchKit.framework/Versions/A/SearchKit
0x000000002011f000 	/System/Library/Frameworks/CoreServices.framework/Versions/A/Frameworks/AE.framework/Versions/A/AE
0x000000002011f000 	/System/Library/Frameworks/CoreServices.framework/Versions/A/Frameworks/LaunchServices.framework/Versions/A/LaunchServices
0x000000002011f000 	/System/Library/Frameworks/CoreServices.framework/Versions/A/Frameworks/DictionaryServices.framework/Versions/A/DictionaryServices
0x000000002011f000 	/System/Library/Frameworks/CoreServices.framework/Versions/A/Frameworks/SharedFileList.framework/Versions/A/SharedFileList
0x000000002011f000 	/System/Library/Frameworks/NetFS.framework/Versions/A/NetFS
0x000000002011f000 	/System/Library/PrivateFrameworks/NetAuth.framework/Versions/A/NetAuth
0x000000002011f000 	/System/Library/PrivateFrameworks/login.framework/Versions/A/Frameworks/loginsupport.framework/Versions/A/loginsupport
0x000000002011f000 	/System/Library/PrivateFrameworks/TCC.framework/Versions/A/TCC
0x000000002011f000 	/usr/lib/libmecabra.dylib
0x000000002011f000 	/System/Library/Frameworks/ApplicationServices.framework/Versions/A/Frameworks/ATS.framework/Versions/A/ATS
0x000000002011f000 	/System/Library/Frameworks/ApplicationServices.framework/Versions/A/Frameworks/ColorSync.framework/Versions/A/ColorSync
0x000000002011f000 	/System/Library/Frameworks/ApplicationServices.framework/Versions/A/Frameworks/HIServices.framework/Versions/A/HIServices
0x000000002011f000 	/System/Library/Frameworks/ApplicationServices.framework/Versions/A/Frameworks/LangAnalysis.framework/Versions/A/LangAnalysis
0x000000002011f000 	/System/Library/Frameworks/ApplicationServices.framework/Versions/A/Frameworks/PrintCore.framework/Versions/A/PrintCore
0x000000002011f000 	/System/Library/Frameworks/ApplicationServices.framework/Versions/A/Frameworks/QD.framework/Versions/A/QD
0x000000002011f000 	/System/Library/Frameworks/ApplicationServices.framework/Versions/A/Frameworks/SpeechSynthesis.framework/Versions/A/SpeechSynthesis
0x000000002011f000 	/System/Library/Frameworks/Accelerate.framework/Versions/A/Frameworks/vImage.framework/Versions/A/vImage
0x000000002011f000 	/System/Library/Frameworks/Accelerate.framework/Versions/A/Frameworks/vecLib.framework/Versions/A/vecLib
0x000000002011f000 	/System/Library/Frameworks/Accelerate.framework/Versions/A/Frameworks/vecLib.framework/Versions/A/libvDSP.dylib
0x000000002011f000 	/System/Library/Frameworks/Accelerate.framework/Versions/A/Frameworks/vecLib.framework/Versions/A/libBNNS.dylib
0x000000002011f000 	/System/Library/Frameworks/Accelerate.framework/Versions/A/Frameworks/vecLib.framework/Versions/A/libQuadrature.dylib
0x000000002011f000 	/System/Library/Frameworks/Accelerate.framework/Versions/A/Frameworks/vecLib.framework/Versions/A/libvMisc.dylib
0x000000002011f000 	/System/Library/Frameworks/Accelerate.framework/Versions/A/Frameworks/vecLib.framework/Versions/A/libLAPACK.dylib
0x000000002011f000 	/System/Library/Frameworks/Accelerate.framework/Versions/A/Frameworks/vecLib.framework/Versions/A/libBLAS.dylib
0x000000002011f000 	/System/Library/Frameworks/Accelerate.framework/Versions/A/Frameworks/vecLib.framework/Versions/A/libLinearAlgebra.dylib
0x000000002011f000 	/System/Library/Frameworks/Accelerate.framework/Versions/A/Frameworks/vecLib.framework/Versions/A/libSparseBLAS.dylib
0x000000002011f000 	/System/Library/Frameworks/ApplicationServices.framework/Versions/A/Frameworks/ATS.framework/Versions/A/Resources/libFontParser.dylib
0x000000002011f000 	/System/Library/Frameworks/ApplicationServices.framework/Versions/A/Frameworks/ATS.framework/Versions/A/Resources/libFontRegistry.dylib
0x000000002011f000 	/System/Library/Frameworks/ImageIO.framework/Versions/A/Resources/libJPEG.dylib
0x000000002011f000 	/System/Library/Frameworks/ImageIO.framework/Versions/A/Resources/libTIFF.dylib
0x000000002011f000 	/System/Library/Frameworks/ImageIO.framework/Versions/A/Resources/libPng.dylib
0x000000002011f000 	/System/Library/Frameworks/ImageIO.framework/Versions/A/Resources/libGIF.dylib
0x000000002011f000 	/System/Library/Frameworks/ImageIO.framework/Versions/A/Resources/libJP2.dylib
0x000000002011f000 	/System/Library/Frameworks/ImageIO.framework/Versions/A/Resources/libRadiance.dylib
0x000000002011f000 	/usr/lib/libcompression.dylib
0x000000002011f000 	/System/Library/PrivateFrameworks/AppleJPEG.framework/Versions/A/AppleJPEG
0x000000002011f000 	/usr/lib/libcups.2.dylib
0x000000002011f000 	/System/Library/Frameworks/Kerberos.framework/Versions/A/Kerberos
0x000000002011f000 	/System/Library/Frameworks/GSS.framework/Versions/A/GSS
0x000000002011f000 	/usr/lib/libresolv.9.dylib
0x000000002011f000 	/usr/lib/libiconv.2.dylib
0x000000002011f000 	/System/Library/PrivateFrameworks/Heimdal.framework/Versions/A/Heimdal
0x000000002011f000 	/usr/lib/libheimdal-asn1.dylib
0x000000002011f000 	/System/Library/Frameworks/OpenDirectory.framework/Versions/A/OpenDirectory
0x000000002011f000 	/System/Library/PrivateFrameworks/CommonAuth.framework/Versions/A/CommonAuth
0x000000002011f000 	/System/Library/Frameworks/OpenDirectory.framework/Versions/A/Frameworks/CFOpenDirectory.framework/Versions/A/CFOpenDirectory
0x000000002011f000 	/System/Library/Frameworks/SecurityFoundation.framework/Versions/A/SecurityFoundation
0x000000002011f000 	/System/Library/PrivateFrameworks/LanguageModeling.framework/Versions/A/LanguageModeling
0x000000002011f000 	/usr/lib/libmarisa.dylib
0x000000002011f000 	/usr/lib/libChineseTokenizer.dylib
0x000000002011f000 	/usr/lib/libcmph.dylib
0x000000002011f000 	/System/Library/PrivateFrameworks/CoreEmoji.framework/Versions/A/CoreEmoji
0x000000002011f000 	/System/Library/Frameworks/ServiceManagement.framework/Versions/A/ServiceManagement
0x000000002011f000 	/usr/lib/libxslt.1.dylib
0x000000002011f000 	/System/Library/Frameworks/Carbon.framework/Versions/A/Frameworks/Ink.framework/Versions/A/Ink
0x000000002011f000 	/System/Library/PrivateFrameworks/TextureIO.framework/Versions/A/TextureIO
0x000000002011f000 	/System/Library/Frameworks/Metal.framework/Versions/A/Metal
0x000000002011f000 	/usr/lib/libate.dylib
0x000000002011f000 	/System/Library/PrivateFrameworks/GPUCompiler.framework/libmetal_timestamp.dylib
0x000000002011f000 	/System/Library/Frameworks/OpenGL.framework/Versions/A/Libraries/libCoreFSCache.dylib
0x000000002011f000 	/System/Library/PrivateFrameworks/IOAccelerator.framework/Versions/A/IOAccelerator
0x000000002011f000 	/System/Library/Frameworks/CoreVideo.framework/Versions/A/CoreVideo
0x000000002011f000 	/usr/lib/libFosl_dynamic.dylib
0x000000002011f000 	/System/Library/PrivateFrameworks/MetalPerformanceShaders.framework/Versions/A/MetalPerformanceShaders
0x000000002011f000 	/System/Library/PrivateFrameworks/FaceCore.framework/Versions/A/FaceCore
0x000000002011f000 	/System/Library/Frameworks/OpenCL.framework/Versions/A/OpenCL
0x000000002011f000 	/System/Library/Frameworks/OpenGL.framework/Versions/A/Libraries/libGLU.dylib
0x000000002011f000 	/System/Library/Frameworks/OpenGL.framework/Versions/A/Libraries/libGFXShared.dylib
0x000000002011f000 	/System/Library/Frameworks/OpenGL.framework/Versions/A/Libraries/libGL.dylib
0x000000002011f000 	/System/Library/Frameworks/OpenGL.framework/Versions/A/Libraries/libGLImage.dylib
0x000000002011f000 	/System/Library/Frameworks/OpenGL.framework/Versions/A/Libraries/libCVMSPluginSupport.dylib
0x000000002011f000 	/System/Library/Frameworks/OpenGL.framework/Versions/A/Libraries/libCoreVMClient.dylib
0x000000002011f000 	/System/Library/PrivateFrameworks/CrashReporterSupport.framework/Versions/A/CrashReporterSupport
0x000000002011f000 	/System/Library/PrivateFrameworks/Sharing.framework/Versions/A/Sharing
0x000000002011f000 	/System/Library/PrivateFrameworks/IconServices.framework/Versions/A/IconServices
0x000000002011f000 	/System/Library/PrivateFrameworks/ProtocolBuffer.framework/Versions/A/ProtocolBuffer
0x000000002011f000 	/System/Library/PrivateFrameworks/Apple80211.framework/Versions/A/Apple80211
0x000000002011f000 	/System/Library/Frameworks/CoreWLAN.framework/Versions/A/CoreWLAN
0x000000002011f000 	/System/Library/PrivateFrameworks/CoreUtils.framework/Versions/A/CoreUtils
0x000000002011f000 	/System/Library/Frameworks/IOBluetooth.framework/Versions/A/IOBluetooth
0x000000002011f000 	/System/Library/PrivateFrameworks/CoreWiFi.framework/Versions/A/CoreWiFi
0x000000002011f000 	/System/Library/Frameworks/CoreBluetooth.framework/Versions/A/CoreBluetooth
0x000000002011f000 	/System/Library/Frameworks/CoreDisplay.framework/Versions/A/CoreDisplay
0x000000002011f000 	/System/Library/PrivateFrameworks/IOPresentment.framework/Versions/A/IOPresentment
0x000000002011f000 	/System/Library/PrivateFrameworks/DebugSymbols.framework/Versions/A/DebugSymbols
0x000000002011f000 	/System/Library/PrivateFrameworks/CoreSymbolication.framework/Versions/A/CoreSymbolication
0x000000002011f000 	/System/Library/PrivateFrameworks/Symbolication.framework/Versions/A/Symbolication
0x000000002011f000 	/System/Library/PrivateFrameworks/AppleFSCompression.framework/Versions/A/AppleFSCompression
0x000000002011f000 	/System/Library/PrivateFrameworks/SpeechRecognitionCore.framework/Versions/A/SpeechRecognitionCore
0x000000002011f000 	/System/Library/PrivateFrameworks/ChunkingLibrary.framework/Versions/A/ChunkingLibrary
0x000000010782f000 	/Library/Java/JavaVirtualMachines/jdk1.8.0_66.jdk/Contents/Home/jre/lib/server/libjvm.dylib
0x000000002011f000 	/usr/lib/libstdc++.6.dylib
0x000000010651f000 	/Library/Java/JavaVirtualMachines/jdk1.8.0_66.jdk/Contents/Home/jre/lib/libverify.dylib
0x000000010652d000 	/Library/Java/JavaVirtualMachines/jdk1.8.0_66.jdk/Contents/Home/jre/lib/libjava.dylib
0x000000010656c000 	/Library/Java/JavaVirtualMachines/jdk1.8.0_66.jdk/Contents/Home/jre/lib/libzip.dylib
0x000000011b1a0000 	/System/Library/Frameworks/JavaVM.framework/Frameworks/JavaRuntimeSupport.framework/JavaRuntimeSupport
0x000000011b1ba000 	/System/Library/Frameworks/JavaVM.framework/Versions/A/Frameworks/JavaNativeFoundation.framework/Versions/A/JavaNativeFoundation
0x00000001065f2000 	/System/Library/Frameworks/JavaVM.framework/Versions/A/JavaVM
0x000000002011f000 	/System/Library/Frameworks/Carbon.framework/Versions/A/Carbon
0x0000000107792000 	/System/Library/PrivateFrameworks/JavaLaunching.framework/Versions/A/JavaLaunching
0x000000002011f000 	/System/Library/Frameworks/Carbon.framework/Versions/A/Frameworks/CommonPanels.framework/Versions/A/CommonPanels
0x000000002011f000 	/System/Library/Frameworks/Carbon.framework/Versions/A/Frameworks/Help.framework/Versions/A/Help
0x000000002011f000 	/System/Library/Frameworks/Carbon.framework/Versions/A/Frameworks/ImageCapture.framework/Versions/A/ImageCapture
0x000000002011f000 	/System/Library/Frameworks/Carbon.framework/Versions/A/Frameworks/OpenScripting.framework/Versions/A/OpenScripting
0x000000002011f000 	/System/Library/Frameworks/Carbon.framework/Versions/A/Frameworks/Print.framework/Versions/A/Print
0x000000002011f000 	/System/Library/Frameworks/Carbon.framework/Versions/A/Frameworks/SecurityHI.framework/Versions/A/SecurityHI
0x000000011cb5f000 	/Library/Java/JavaVirtualMachines/jdk1.8.0_66.jdk/Contents/Home/jre/lib/libprism_es2.dylib
0x000000002011f000 	/System/Library/Frameworks/OpenGL.framework/Versions/A/Resources/GLEngine.bundle/GLEngine
0x000000002011f000 	/System/Library/Frameworks/OpenGL.framework/Versions/A/Libraries/libGLProgrammability.dylib
0x000000011cbc4000 	/System/Library/Extensions/AMDRadeonX3000GLDriver.bundle/Contents/MacOS/AMDRadeonX3000GLDriver
0x000000002011f000 	/System/Library/PrivateFrameworks/GPUSupport.framework/Versions/A/Libraries/libGPUSupportMercury.dylib
0x000000011cca5000 	/System/Library/Extensions/AMDRadeonX3000GLDriver.bundle/Contents/MacOS/ATIRadeonX3000SCLib.dylib
0x000000002011f000 	/System/Library/Frameworks/OpenGL.framework/Versions/A/Resources/GLRendererFloat.bundle/GLRendererFloat
0x000000002011f000 	/System/Library/Frameworks/OpenCL.framework/Versions/A/Libraries/libcldcpuengine.dylib
0x000000002011f000 	/usr/lib/libcrypto.0.9.8.dylib
0x000000002011f000 	/System/Library/PrivateFrameworks/TrustEvaluationAgent.framework/Versions/A/TrustEvaluationAgent
0x000000011cf4c000 	/Library/Java/JavaVirtualMachines/jdk1.8.0_66.jdk/Contents/Home/jre/lib/libglass.dylib
0x000000002011f000 	/System/Library/PrivateFrameworks/CoreServicesInternal.framework/Versions/A/CoreServicesInternal
0x000000002011f000 	/System/Library/CoreServices/RawCamera.bundle/Contents/MacOS/RawCamera
0x000000002011f000 	/System/Library/Frameworks/Accelerate.framework/Versions/A/Frameworks/vImage.framework/Versions/A/Libraries/libCGInterfaces.dylib
0x000000002011f000 	/System/Library/PrivateFrameworks/FamilyControls.framework/Versions/A/FamilyControls
0x000000002011f000 	/System/Library/PrivateFrameworks/CommerceKit.framework/Versions/A/Frameworks/CommerceCore.framework/Versions/A/CommerceCore
0x000000002011f000 	/System/Library/PrivateFrameworks/SystemAdministration.framework/Versions/A/SystemAdministration
0x000000002011f000 	/System/Library/PrivateFrameworks/AppContainer.framework/Versions/A/AppContainer
0x000000002011f000 	/System/Library/PrivateFrameworks/SecCodeWrapper.framework/Versions/A/SecCodeWrapper
0x000000002011f000 	/System/Library/Frameworks/DirectoryService.framework/Versions/A/DirectoryService
0x000000002011f000 	/System/Library/PrivateFrameworks/DiskImages.framework/Versions/A/DiskImages
0x000000002011f000 	/System/Library/PrivateFrameworks/LoginUIKit.framework/Versions/A/Frameworks/LoginUICore.framework/Versions/A/LoginUICore
0x000000002011f000 	/usr/lib/libCoreStorage.dylib
0x000000002011f000 	/usr/lib/libcsfde.dylib
0x000000002011f000 	/usr/lib/libodfde.dylib
0x000000002011f000 	/System/Library/Frameworks/DiscRecording.framework/Versions/A/DiscRecording
0x000000002011f000 	/usr/lib/libcurl.4.dylib
0x000000002011f000 	/System/Library/PrivateFrameworks/MediaKit.framework/Versions/A/MediaKit
0x000000002011f000 	/System/Library/PrivateFrameworks/ProtectedCloudStorage.framework/Versions/A/ProtectedCloudStorage
0x000000002011f000 	/System/Library/PrivateFrameworks/EFILogin.framework/Versions/A/EFILogin
0x000000002011f000 	/usr/lib/libutil.dylib
0x000000002011f000 	/System/Library/Frameworks/LDAP.framework/Versions/A/LDAP
0x000000002011f000 	/usr/lib/libsasl2.2.dylib
0x000000002011f000 	/System/Library/PrivateFrameworks/CoreDaemon.framework/Versions/B/CoreDaemon
0x000000002011f000 	/System/Library/PrivateFrameworks/AppleSRP.framework/Versions/A/AppleSRP
0x000000002011f000 	/System/Library/PrivateFrameworks/APFS.framework/Versions/A/APFS
0x000000011f32c000 	/Library/Java/JavaVirtualMachines/jdk1.8.0_66.jdk/Contents/Home/jre/lib/libglib-lite.dylib
0x000000011f44e000 	/Library/Java/JavaVirtualMachines/jdk1.8.0_66.jdk/Contents/Home/jre/lib/libgstreamer-lite.dylib
0x000000011f5c6000 	/Library/Java/JavaVirtualMachines/jdk1.8.0_66.jdk/Contents/Home/jre/lib/libjfxmedia.dylib
0x000000011f601000 	/Library/Java/JavaVirtualMachines/jdk1.8.0_66.jdk/Contents/Home/jre/lib/libjfxmedia_avf.dylib
0x000000002011f000 	/System/Library/Frameworks/AVFoundation.framework/Versions/A/AVFoundation
0x000000002011f000 	/System/Library/Frameworks/CoreMedia.framework/Versions/A/CoreMedia
0x000000002011f000 	/System/Library/Frameworks/MediaToolbox.framework/Versions/A/MediaToolbox
0x000000002011f000 	/System/Library/Frameworks/AVFoundation.framework/Versions/A/Frameworks/AVFAudio.framework/Versions/A/AVFAudio
0x000000002011f000 	/System/Library/Frameworks/VideoToolbox.framework/Versions/A/VideoToolbox
0x000000002011f000 	/System/Library/PrivateFrameworks/IntlPreferences.framework/Versions/A/IntlPreferences
0x000000002011f000 	/System/Library/Frameworks/CoreMediaIO.framework/Versions/A/CoreMediaIO
0x000000002011f000 	/usr/lib/libspindump.dylib
0x000000002011f000 	/usr/lib/libdscsym.dylib
0x000000002011f000 	/System/Library/PrivateFrameworks/CoreAVCHD.framework/Versions/A/CoreAVCHD
0x000000002011f000 	/System/Library/Frameworks/MediaAccessibility.framework/Versions/A/MediaAccessibility
0x000000002011f000 	/System/Library/PrivateFrameworks/Mangrove.framework/Versions/A/Mangrove
0x000000002011f000 	/System/Library/PrivateFrameworks/CoreAUC.framework/Versions/A/CoreAUC
0x000000002011f000 	/System/Library/PrivateFrameworks/AppleVA.framework/Versions/A/AppleVA
0x000000002011f000 	/System/Library/PrivateFrameworks/XPCService.framework/Versions/A/XPCService
0x000000002011f000 	/System/Library/PrivateFrameworks/AppSandbox.framework/Versions/A/AppSandbox
0x000000002011f000 	/usr/lib/libsandbox.1.dylib
0x000000002011f000 	/usr/lib/libMatch.1.dylib
0x000000011d1a8000 	/Library/Java/JavaVirtualMachines/jdk1.8.0_66.jdk/Contents/Home/jre/lib/libjfxmedia_qtkit.dylib
0x000000002011f000 	/System/Library/Frameworks/QTKit.framework/Versions/A/QTKit
0x000000002011f000 	/System/Library/PrivateFrameworks/CoreMediaAuthoring.framework/Versions/A/CoreMediaAuthoring
0x000000011d1b5000 	/Library/Java/JavaVirtualMachines/jdk1.8.0_66.jdk/Contents/Home/jre/lib/libjavafx_font.dylib
0x000000002011f000 	/System/Library/Frameworks/ApplicationServices.framework/Versions/A/Frameworks/ATS.framework/Versions/A/Resources/libTrueTypeScaler.dylib
0x00000001203f7000 	/Library/Java/JavaVirtualMachines/jdk1.8.0_66.jdk/Contents/Home/jre/lib/libfxplugins.dylib
0x0000000120339000 	/System/Library/Frameworks/VideoDecodeAcceleration.framework/Versions/A/VideoDecodeAcceleration
0x0000000120422000 	/Library/Java/JavaVirtualMachines/jdk1.8.0_66.jdk/Contents/Home/jre/lib/libnet.dylib
0x0000000120439000 	/Library/Java/JavaVirtualMachines/jdk1.8.0_66.jdk/Contents/Home/jre/lib/libnio.dylib
0x000000002011f000 	/System/Library/PrivateFrameworks/AppleGVA.framework/Versions/A/AppleGVA
0x000000012074e000 	/System/Library/Extensions/AppleIntelHD3000GraphicsVADriver.bundle/Contents/MacOS/AppleIntelHD3000GraphicsVADriver
0x0000000120890000 	/System/Library/Extensions/AMDRadeonVADriver.bundle/Contents/MacOS/AMDRadeonVADriver
0x00000001209b6000 	/System/Library/Extensions/AppleIntelSNBVA.bundle/Contents/MacOS/AppleIntelSNBVA
0x00000001218d1000 	/System/Library/Extensions/AppleHDA.kext/Contents/PlugIns/AppleHDAHALPlugIn.bundle/Contents/MacOS/AppleHDAHALPlugIn
0x0000000121902000 	/System/Library/Components/CoreAudio.component/Contents/MacOS/CoreAudio
0x0000000121ecf000 	/System/Library/Components/AudioCodecs.component/Contents/MacOS/AudioCodecs
0x00000001242f4000 	/Library/Java/JavaVirtualMachines/jdk1.8.0_66.jdk/Contents/Home/jre/lib/libprism_common.dylib

VM Arguments:
jvm_args: -Dfile.encoding=UTF-8 
java_command: cctv.level.crossing.Main
java_class_path (initial): /Users/joth/NetBeansProjects/CCTV Level Crossing/build/classes
Launcher Type: SUN_STANDARD

Environment Variables:
PATH=/usr/bin:/bin:/usr/sbin:/sbin
LD_LIBRARY_PATH=/Library/Java/JavaVirtualMachines/jdk1.8.0_66.jdk/Contents/Home/jre/lib/amd64:/Library/Java/JavaVirtualMachines/jdk1.8.0_66.jdk/Contents/Home/jre/lib/i386:
SHELL=/bin/bash
DISPLAY=/private/tmp/com.apple.launchd.PUWlbLbeNL/org.macosforge.xquartz:0

Signal Handlers:
SIGSEGV: [libjvm.dylib+0x5a65d5], sa_mask[0]=11111111011111110111111111111111, sa_flags=SA_ONSTACK|SA_RESTART|SA_SIGINFO
SIGBUS: [libjvm.dylib+0x5a65d5], sa_mask[0]=11111111011111110111111111111111, sa_flags=SA_RESTART|SA_SIGINFO
SIGFPE: [libjvm.dylib+0x4802e8], sa_mask[0]=11111111011111110111111111111111, sa_flags=SA_RESTART|SA_SIGINFO
SIGPIPE: [libjvm.dylib+0x4802e8], sa_mask[0]=11111111011111110111111111111111, sa_flags=SA_RESTART|SA_SIGINFO
SIGXFSZ: [libjvm.dylib+0x4802e8], sa_mask[0]=11111111011111110111111111111111, sa_flags=SA_RESTART|SA_SIGINFO
SIGILL: [libjvm.dylib+0x4802e8], sa_mask[0]=11111111011111110111111111111111, sa_flags=SA_RESTART|SA_SIGINFO
SIGUSR1: SIG_DFL, sa_mask[0]=00000000000000000000000000000000, sa_flags=none
SIGUSR2: [libjvm.dylib+0x47fe06], sa_mask[0]=00100000000000000000000000000000, sa_flags=SA_RESTART|SA_SIGINFO
SIGHUP: [libjvm.dylib+0x47e3dd], sa_mask[0]=11111111011111110111111111111111, sa_flags=SA_RESTART|SA_SIGINFO
SIGINT: SIG_IGN, sa_mask[0]=00000000000000000000000000000000, sa_flags=none
SIGTERM: [libjvm.dylib+0x47e3dd], sa_mask[0]=11111111011111110111111111111111, sa_flags=SA_RESTART|SA_SIGINFO
SIGQUIT: [libjvm.dylib+0x47e3dd], sa_mask[0]=11111111011111110111111111111111, sa_flags=SA_RESTART|SA_SIGINFO


---------------  S Y S T E M  ---------------

OS:Bsduname:Darwin 16.0.0 Darwin Kernel Version 16.0.0: Mon Aug 29 17:56:20 PDT 2016; root:xnu-3789.1.32~3/RELEASE_X86_64 x86_64
rlimit: STACK 8192k, CORE 0k, NPROC 709, NOFILE 10240, AS infinity
load average:3.03 2.42 2.05

CPU:total 4 (4 cores per cpu, 1 threads per core) family 6 model 42 stepping 7, cmov, cx8, fxsr, mmx, sse, sse2, sse3, ssse3, sse4.1, sse4.2, popcnt, avx, aes, clmul, tsc, tscinvbit

Memory: 4k page, physical 4194304k(134480k free)

/proc/meminfo:


vm_info: Java HotSpot(TM) 64-Bit Server VM (25.66-b17) for bsd-amd64 JRE (1.8.0_66-b17), built on Oct  6 2015 16:09:13 by "java_re" with gcc 4.2.1 (Based on Apple Inc. build 5658) (LLVM build 2336.11.00)

time: Mon Dec 19 07:53:09 2016
elapsed time: 33 seconds (0d 0h 0m 33s)

