#
# A fatal error has been detected by the Java Runtime Environment:
#
#  SIGSEGV (0xb) at pc=0x000000011fca789e, pid=2493, tid=111659
#
# JRE version: Java(TM) SE Runtime Environment (8.0_66-b17) (build 1.8.0_66-b17)
# Java VM: Java HotSpot(TM) 64-Bit Server VM (25.66-b17 mixed mode bsd-amd64 compressed oops)
# Problematic frame:
# C  [libjfxmedia_avf.dylib+0x789e]  _ZN18AVFKernelComponent18ProcessBufferListsERjRK15AudioBufferListRS1_j+0x22
#
# Failed to write core dump. Core dumps have been disabled. To enable core dumping, try "ulimit -c unlimited" before starting Java again
#
# If you would like to submit a bug report, please visit:
#   http://bugreport.java.com/bugreport/crash.jsp
#

---------------  T H R E A D  ---------------

Current thread is native thread

siginfo: si_signo: 11 (SIGSEGV), si_code: 0 (unknown), si_addr: 0x0000000000000000

Registers:
RAX=0xa00007fd622dc2a9, RBX=0x000070000b60ba54, RCX=0x00007fd6207bc6e0, RDX=0x00007fd620792520
RSP=0x000070000b60b7a0, RBP=0x000070000b60b7a0, RSI=0x000070000b60ba54, RDI=0x00007fd622d02e50
R8 =0x0000000000001000, R9 =0x000070000b60b5b7, R10=0x000000011fcc2290, R11=0x000000000002a1c0
R12=0x00007fd6207b6cb0, R13=0x00007fd620792520, R14=0x000000011fca787c, R15=0x0000000000001000
RIP=0x000000011fca789e, EFLAGS=0x0000000000010206, ERR=0x0000000000000000
  TRAPNO=0x000000000000000d

Top of Stack: (sp=0x000070000b60b7a0)
0x000070000b60b7a0:   000070000b60b800 000000011fcb0af2
0x000070000b60b7b0:   0000000000000000 000070000b60ba54
0x000070000b60b7c0:   0000000000000000 0000000000000000
0x000070000b60b7d0:   0000000000000000 000070000b60ba54
0x000070000b60b7e0:   00007fd6207b6cb0 00007fd6207bc7a0
0x000070000b60b7f0:   00007fd6207b7830 0000000000001000
0x000070000b60b800:   000070000b60b850 000000011fcab3a9
0x000070000b60b810:   0000000000000000 000070000b60ba78
0x000070000b60b820:   0000000000000000 0000000000009fe0
0x000070000b60b830:   00007fd6207bc7a0 00000000ffffffce
0x000070000b60b840:   0000000000001000 00007fd6207b6cb0
0x000070000b60b850:   000070000b60b8c0 000000011fca99e1
0x000070000b60b860:   00007fd6207b7830 00009fe09442f17d
0x000070000b60b870:   000070000b60ba54 000070000b60ba78
0x000070000b60b880:   000000000b60b8e0 00007fd6207b7830
0x000070000b60b890:   00009fe000000000 00000000ffffffce
0x000070000b60b8a0:   000070000b60ba54 0000000000000000
0x000070000b60b8b0:   0000000000001000 000070000b60ba78
0x000070000b60b8c0:   000070000b60b8e0 000000011fcad9d6
0x000070000b60b8d0:   00000000fffffffc 00007fd6207bbe50
0x000070000b60b8e0:   000070000b60b920 000000011fcac7b7
0x000070000b60b8f0:   00007fd6207bbe50 000070000b60ba78
0x000070000b60b900:   00007fd6207b6ed0 00000000ffffd584
0x000070000b60b910:   000070000b60ba54 0000000000001000
0x000070000b60b920:   000070000b60b980 000000011fcb0930
0x000070000b60b930:   0000000000000000 000070000b60ba54
0x000070000b60b940:   0000000000000000 0000000000000000
0x000070000b60b950:   0000000000000000 000070000b60ba54
0x000070000b60b960:   00007fd6207b6ed0 00007fd62079eed0
0x000070000b60b970:   00007fd6205ca5d8 0000000000001000
0x000070000b60b980:   000070000b60b9d0 000000011fcab3a9
0x000070000b60b990:   0000000000000000 000070000b60ba78 

Instructions: (pc=0x000000011fca789e)
0x000000011fca787e:   89 e5 80 bf d0 01 00 00 00 74 06 5d e9 bf 92 00
0x000000011fca788e:   00 48 8b bf d8 01 00 00 48 85 ff 74 0a 48 8b 07
0x000000011fca789e:   48 8b 40 28 5d ff e0 31 c0 5d c3 90 55 48 89 e5
0x000000011fca78ae:   41 57 41 56 41 55 41 54 53 50 4d 89 c6 41 89 d5 

Register to memory mapping:

RAX=0xa00007fd622dc2a9 is an unknown value
RBX=0x000070000b60ba54 is an unknown value
RCX=0x00007fd6207bc6e0 is an unknown value
RDX=0x00007fd620792520 is an unknown value
RSP=0x000070000b60b7a0 is an unknown value
RBP=0x000070000b60b7a0 is an unknown value
RSI=0x000070000b60ba54 is an unknown value
RDI=0x00007fd622d02e50 is an unknown value
R8 =0x0000000000001000 is an unknown value
R9 =0x000070000b60b5b7 is an unknown value
R10=0x000000011fcc2290: _ZTV18AVFEqualizerKernel+0x10 in /Library/Java/JavaVirtualMachines/jdk1.8.0_66.jdk/Contents/Home/jre/lib/libjfxmedia_avf.dylib at 0x000000011fca0000
R11=0x000000000002a1c0 is an unknown value
R12=0x00007fd6207b6cb0 is an unknown value
R13=0x00007fd620792520 is an unknown value
R14=0x000000011fca787c: _ZN18AVFKernelComponent18ProcessBufferListsERjRK15AudioBufferListRS1_j+0 in /Library/Java/JavaVirtualMachines/jdk1.8.0_66.jdk/Contents/Home/jre/lib/libjfxmedia_avf.dylib at 0x000000011fca0000
R15=0x0000000000001000 is an unknown value


Stack: [0x000070000b58c000,0x000070000b60c000],  sp=0x000070000b60b7a0,  free space=509k
Native frames: (J=compiled Java code, j=interpreted, Vv=VM code, C=native code)
C  [libjfxmedia_avf.dylib+0x789e]  _ZN18AVFKernelComponent18ProcessBufferListsERjRK15AudioBufferListRS1_j+0x22
C  [libjfxmedia_avf.dylib+0x10af2]  _ZN12AUEffectBase6RenderERjRK14AudioTimeStampj+0x240
C  [libjfxmedia_avf.dylib+0xb3a9]  _ZN6AUBase11DoRenderBusERjRK14AudioTimeStampjP15AUOutputElementjR15AudioBufferList+0xa9
C  [libjfxmedia_avf.dylib+0x99e1]  _ZN6AUBase8DoRenderERjRK14AudioTimeStampjjR15AudioBufferList+0x1b9
C  [libjfxmedia_avf.dylib+0xd9d6]  _ZL14AUMethodRenderPvPjPK14AudioTimeStampjjP15AudioBufferList+0x2e
C  [libjfxmedia_avf.dylib+0xc7b7]  _ZN14AUInputElement9PullInputERjRK14AudioTimeStampjj+0x8d
C  [libjfxmedia_avf.dylib+0x10930]  _ZN12AUEffectBase6RenderERjRK14AudioTimeStampj+0x7e
C  [libjfxmedia_avf.dylib+0xb3a9]  _ZN6AUBase11DoRenderBusERjRK14AudioTimeStampjP15AUOutputElementjR15AudioBufferList+0xa9
C  [libjfxmedia_avf.dylib+0x99e1]  _ZN6AUBase8DoRenderERjRK14AudioTimeStampjjR15AudioBufferList+0x1b9
C  [libjfxmedia_avf.dylib+0xd9d6]  _ZL14AUMethodRenderPvPjPK14AudioTimeStampjjP15AudioBufferList+0x2e
C  [libjfxmedia_avf.dylib+0x54f1]  _ZL15ProcessAudioTapPKvljP15AudioBufferListPlPj+0x63
C  [MediaToolbox+0x3663c5]  MTAudioProcessingTapGetSourceAudio+0x852
C  [AudioToolbox+0xe590f]  _Z25AQClientCallProcessingTapPvjP14AudioTimeStampPjS2_P15AudioBufferListidjdjPKhj+0x5d
C  [AudioToolbox+0x16ca90]  _ZN15AQProcessingTap9DoCalloutERjR14AudioTimeStampS0_R15AudioBufferList+0xbc
C  [AudioToolbox+0x16c88f]  _ZN16AudioQueueObject18PerformTapInternalER14AudioTimeStampRjS2_+0x85
C  [AudioToolbox+0x16c795]  _ZN16AudioQueueObject20PerformProcessingTapEPFiPvRjRK14AudioTimeStampjR15AudioBufferListRdS1_ES0_RS2_S1_S6_S1_+0xc5
C  [AudioToolbox+0x177525]  _ZN14MEMixerChannel13TapDownstreamEPvPjPK14AudioTimeStampjjP15AudioBufferList+0x81
C  [CoreAudio+0x10ef05]  _ZN14AUInputElement9PullInputERjRK14AudioTimeStampjj+0xb9
C  [CoreAudio+0x5e9c4]  _ZN18AUDeferredRenderer7ProduceEv+0x240
C  [CoreAudio+0x5e6fb]  _ZN18AUDeferredRenderer18ProducerThreadProcEv+0x31
C  [CoreAudio+0x5e0fb]  _ZN18AUDeferredRenderer18ProducerThreadProcEPv+0x1f
C  [CoreAudio+0x124fb5]  _ZN9CAPThread5EntryEPS_+0x55
C  [libsystem_pthread.dylib+0x3abb]  _pthread_body+0xb4
C  [libsystem_pthread.dylib+0x3a07]  _pthread_body+0x0
C  [libsystem_pthread.dylib+0x3231]  thread_start+0xd


---------------  P R O C E S S  ---------------

VM state:at safepoint (normal execution)

VM Mutex/Monitor currently owned by a thread:  ([mutex/lock_event])
[0x00007fd62050bb30] Threads_lock - owner thread: 0x00007fd621004800
[0x00007fd62050c030] Heap_lock - owner thread: 0x00007fd627812800

Heap:
 PSYoungGen      total 21504K, used 2289K [0x00000007aab00000, 0x00000007ac580000, 0x00000007c0000000)
  eden space 15872K, 13% used [0x00000007aab00000,0x00000007aad1c400,0x00000007aba80000)
  from space 5632K, 2% used [0x00000007ac000000,0x00000007ac020000,0x00000007ac580000)
  to   space 5632K, 0% used [0x00000007aba80000,0x00000007aba80000,0x00000007ac000000)
 ParOldGen       total 44032K, used 7885K [0x0000000780000000, 0x0000000782b00000, 0x00000007aab00000)
  object space 44032K, 17% used [0x0000000780000000,0x00000007807b34c8,0x0000000782b00000)
 Metaspace       used 18204K, capacity 19018K, committed 19328K, reserved 1067008K
  class space    used 2382K, capacity 2591K, committed 2688K, reserved 1048576K

Card table byte_map: [0x0000000116946000,0x0000000116b47000] byte_map_base: 0x0000000112d46000

Marking Bits: (ParMarkBitMap*) 0x0000000106edde20
 Begin Bits: [0x0000000116c9d000, 0x0000000117c9d000)
 End Bits:   [0x0000000117c9d000, 0x0000000118c9d000)

Polling page: 0x0000000105c9d000

CodeCache: size=245760Kb used=9266Kb max_used=9710Kb free=236493Kb
 bounds [0x0000000107586000, 0x0000000107f26000, 0x0000000116586000]
 total_blobs=3689 nmethods=3030 adapters=571
 compilation: enabled

Compilation events (10 events):
Event: 98.651 Thread 0x00007fd622011800 nmethod 3456 0x0000000107adc0d0 code [0x0000000107adc240, 0x0000000107adc428]
Event: 100.169 Thread 0x00007fd621028000 3457       4       com.sun.javafx.geom.transform.AffineBase::transform2DBounds (576 bytes)
Event: 100.183 Thread 0x00007fd621028000 nmethod 3457 0x0000000107a971d0 code [0x0000000107a97440, 0x0000000107a98470]
Event: 100.203 Thread 0x00007fd622011800 3458       4       com.sun.prism.impl.shape.BasicEllipseRep::fill (33 bytes)
Event: 100.206 Thread 0x00007fd622011800 nmethod 3458 0x0000000107a6b190 code [0x0000000107a6b300, 0x0000000107a6b568]
Event: 100.213 Thread 0x00007fd620828800 3459       3       java.lang.invoke.MethodHandles$Lookup::checkSecurityManager (87 bytes)
Event: 100.214 Thread 0x00007fd620828800 nmethod 3459 0x0000000107d5bf10 code [0x0000000107d5c1e0, 0x0000000107d5d578]
Event: 100.230 Thread 0x00007fd620828800 3460       3       jdk.internal.org.objectweb.asm.ClassWriter::toByteArray (1289 bytes)
Event: 100.234 Thread 0x00007fd620828800 nmethod 3460 0x0000000107b2fc90 code [0x0000000107b304a0, 0x0000000107b34258]
Event: 100.260 Thread 0x00007fd620828800 3461       3       java.lang.invoke.TypeConvertingMethodAdapter::convertType (299 bytes)

GC Heap History (10 events):
Event: 70.477 GC heap before
{Heap before GC invocations=12 (full 0):
 PSYoungGen      total 22016K, used 16000K [0x00000007aab00000, 0x00000007ac680000, 0x00000007c0000000)
  eden space 15872K, 100% used [0x00000007aab00000,0x00000007aba80000,0x00000007aba80000)
  from space 6144K, 2% used [0x00000007aba80000,0x00000007abaa0000,0x00000007ac080000)
  to   space 6144K, 0% used [0x00000007ac080000,0x00000007ac080000,0x00000007ac680000)
 ParOldGen       total 44032K, used 7773K [0x0000000780000000, 0x0000000782b00000, 0x00000007aab00000)
  object space 44032K, 17% used [0x0000000780000000,0x00000007807974c8,0x0000000782b00000)
 Metaspace       used 18126K, capacity 18950K, committed 19072K, reserved 1064960K
  class space    used 2371K, capacity 2577K, committed 2688K, reserved 1048576K
Event: 70.479 GC heap after
Heap after GC invocations=12 (full 0):
 PSYoungGen      total 22016K, used 32K [0x00000007aab00000, 0x00000007ac680000, 0x00000007c0000000)
  eden space 15872K, 0% used [0x00000007aab00000,0x00000007aab00000,0x00000007aba80000)
  from space 6144K, 0% used [0x00000007ac080000,0x00000007ac088000,0x00000007ac680000)
  to   space 6144K, 0% used [0x00000007aba80000,0x00000007aba80000,0x00000007ac080000)
 ParOldGen       total 44032K, used 7781K [0x0000000780000000, 0x0000000782b00000, 0x00000007aab00000)
  object space 44032K, 17% used [0x0000000780000000,0x00000007807994c8,0x0000000782b00000)
 Metaspace       used 18126K, capacity 18950K, committed 19072K, reserved 1064960K
  class space    used 2371K, capacity 2577K, committed 2688K, reserved 1048576K
}
Event: 77.060 GC heap before
{Heap before GC invocations=13 (full 0):
 PSYoungGen      total 22016K, used 15904K [0x00000007aab00000, 0x00000007ac680000, 0x00000007c0000000)
  eden space 15872K, 100% used [0x00000007aab00000,0x00000007aba80000,0x00000007aba80000)
  from space 6144K, 0% used [0x00000007ac080000,0x00000007ac088000,0x00000007ac680000)
  to   space 6144K, 0% used [0x00000007aba80000,0x00000007aba80000,0x00000007ac080000)
 ParOldGen       total 44032K, used 7781K [0x0000000780000000, 0x0000000782b00000, 0x00000007aab00000)
  object space 44032K, 17% used [0x0000000780000000,0x00000007807994c8,0x0000000782b00000)
 Metaspace       used 18136K, capacity 18950K, committed 19072K, reserved 1064960K
  class space    used 2371K, capacity 2577K, committed 2688K, reserved 1048576K
Event: 77.061 GC heap after
Heap after GC invocations=13 (full 0):
 PSYoungGen      total 22016K, used 128K [0x00000007aab00000, 0x00000007ac680000, 0x00000007c0000000)
  eden space 15872K, 0% used [0x00000007aab00000,0x00000007aab00000,0x00000007aba80000)
  from space 6144K, 2% used [0x00000007aba80000,0x00000007abaa0000,0x00000007ac080000)
  to   space 6144K, 0% used [0x00000007ac080000,0x00000007ac080000,0x00000007ac680000)
 ParOldGen       total 44032K, used 7813K [0x0000000780000000, 0x0000000782b00000, 0x00000007aab00000)
  object space 44032K, 17% used [0x0000000780000000,0x00000007807a14c8,0x0000000782b00000)
 Metaspace       used 18136K, capacity 18950K, committed 19072K, reserved 1064960K
  class space    used 2371K, capacity 2577K, committed 2688K, reserved 1048576K
}
Event: 87.985 GC heap before
{Heap before GC invocations=14 (full 0):
 PSYoungGen      total 22016K, used 16000K [0x00000007aab00000, 0x00000007ac680000, 0x00000007c0000000)
  eden space 15872K, 100% used [0x00000007aab00000,0x00000007aba80000,0x00000007aba80000)
  from space 6144K, 2% used [0x00000007aba80000,0x00000007abaa0000,0x00000007ac080000)
  to   space 6144K, 0% used [0x00000007ac080000,0x00000007ac080000,0x00000007ac680000)
 ParOldGen       total 44032K, used 7813K [0x0000000780000000, 0x0000000782b00000, 0x00000007aab00000)
  object space 44032K, 17% used [0x0000000780000000,0x00000007807a14c8,0x0000000782b00000)
 Metaspace       used 18139K, capacity 18950K, committed 19072K, reserved 1064960K
  class space    used 2371K, capacity 2577K, committed 2688K, reserved 1048576K
Event: 87.986 GC heap after
Heap after GC invocations=14 (full 0):
 PSYoungGen      total 20992K, used 96K [0x00000007aab00000, 0x00000007ac580000, 0x00000007c0000000)
  eden space 15872K, 0% used [0x00000007aab00000,0x00000007aab00000,0x00000007aba80000)
  from space 5120K, 1% used [0x00000007ac080000,0x00000007ac098000,0x00000007ac580000)
  to   space 5632K, 0% used [0x00000007aba80000,0x00000007aba80000,0x00000007ac000000)
 ParOldGen       total 44032K, used 7829K [0x0000000780000000, 0x0000000782b00000, 0x00000007aab00000)
  object space 44032K, 17% used [0x0000000780000000,0x00000007807a54c8,0x0000000782b00000)
 Metaspace       used 18139K, capacity 18950K, committed 19072K, reserved 1064960K
  class space    used 2371K, capacity 2577K, committed 2688K, reserved 1048576K
}
Event: 92.079 GC heap before
{Heap before GC invocations=15 (full 0):
 PSYoungGen      total 20992K, used 15968K [0x00000007aab00000, 0x00000007ac580000, 0x00000007c0000000)
  eden space 15872K, 100% used [0x00000007aab00000,0x00000007aba80000,0x00000007aba80000)
  from space 5120K, 1% used [0x00000007ac080000,0x00000007ac098000,0x00000007ac580000)
  to   space 5632K, 0% used [0x00000007aba80000,0x00000007aba80000,0x00000007ac000000)
 ParOldGen       total 44032K, used 7829K [0x0000000780000000, 0x0000000782b00000, 0x00000007aab00000)
  object space 44032K, 17% used [0x0000000780000000,0x00000007807a54c8,0x0000000782b00000)
 Metaspace       used 18148K, capacity 18968K, committed 19328K, reserved 1067008K
  class space    used 2374K, capacity 2580K, committed 2688K, reserved 1048576K
Event: 92.080 GC heap after
Heap after GC invocations=15 (full 0):
 PSYoungGen      total 21504K, used 160K [0x00000007aab00000, 0x00000007ac580000, 0x00000007c0000000)
  eden space 15872K, 0% used [0x00000007aab00000,0x00000007aab00000,0x00000007aba80000)
  from space 5632K, 2% used [0x00000007aba80000,0x00000007abaa8000,0x00000007ac000000)
  to   space 5632K, 0% used [0x00000007ac000000,0x00000007ac000000,0x00000007ac580000)
 ParOldGen       total 44032K, used 7853K [0x0000000780000000, 0x0000000782b00000, 0x00000007aab00000)
  object space 44032K, 17% used [0x0000000780000000,0x00000007807ab4c8,0x0000000782b00000)
 Metaspace       used 18148K, capacity 18968K, committed 19328K, reserved 1067008K
  class space    used 2374K, capacity 2580K, committed 2688K, reserved 1048576K
}
Event: 99.328 GC heap before
{Heap before GC invocations=16 (full 0):
 PSYoungGen      total 21504K, used 16032K [0x00000007aab00000, 0x00000007ac580000, 0x00000007c0000000)
  eden space 15872K, 100% used [0x00000007aab00000,0x00000007aba80000,0x00000007aba80000)
  from space 5632K, 2% used [0x00000007aba80000,0x00000007abaa8000,0x00000007ac000000)
  to   space 5632K, 0% used [0x00000007ac000000,0x00000007ac000000,0x00000007ac580000)
 ParOldGen       total 44032K, used 7853K [0x0000000780000000, 0x0000000782b00000, 0x00000007aab00000)
  object space 44032K, 17% used [0x0000000780000000,0x00000007807ab4c8,0x0000000782b00000)
 Metaspace       used 18149K, capacity 18968K, committed 19328K, reserved 1067008K
  class space    used 2374K, capacity 2580K, committed 2688K, reserved 1048576K
Event: 99.329 GC heap after
Heap after GC invocations=16 (full 0):
 PSYoungGen      total 21504K, used 128K [0x00000007aab00000, 0x00000007ac580000, 0x00000007c0000000)
  eden space 15872K, 0% used [0x00000007aab00000,0x00000007aab00000,0x00000007aba80000)
  from space 5632K, 2% used [0x00000007ac000000,0x00000007ac020000,0x00000007ac580000)
  to   space 5632K, 0% used [0x00000007aba80000,0x00000007aba80000,0x00000007ac000000)
 ParOldGen       total 44032K, used 7885K [0x0000000780000000, 0x0000000782b00000, 0x00000007aab00000)
  object space 44032K, 17% used [0x0000000780000000,0x00000007807b34c8,0x0000000782b00000)
 Metaspace       used 18149K, capacity 18968K, committed 19328K, reserved 1067008K
  class space    used 2374K, capacity 2580K, committed 2688K, reserved 1048576K
}

Deoptimization events (10 events):
Event: 45.239 Thread 0x00007fd6220bb000 Uncommon trap: reason=unstable_if action=reinterpret pc=0x0000000107c53ce4 method=com.sun.javafx.geom.transform.AffineBase.updateState2D()V @ 86
Event: 45.239 Thread 0x00007fd6220bb000 Uncommon trap: reason=unstable_if action=reinterpret pc=0x0000000107e410c4 method=com.sun.scenario.effect.impl.EffectPeer.getTextureCoordinates([FFFFFLcom/sun/javafx/geom/Rectangle;Lcom/sun/javafx/geom/transform/BaseTransform;)I @ 49
Event: 45.255 Thread 0x00007fd6219b8800 Uncommon trap: reason=unstable_if action=reinterpret pc=0x0000000107b1ae18 method=javafx.scene.Node.updateLocalToParentTransform()V @ 125
Event: 68.960 Thread 0x00007fd621258800 Uncommon trap: reason=unstable_if action=reinterpret pc=0x0000000107a4d114 method=java.util.concurrent.locks.AbstractQueuedSynchronizer.acquireQueued(Ljava/util/concurrent/locks/AbstractQueuedSynchronizer$Node;I)Z @ 17
Event: 77.050 Thread 0x00007fd6220bb000 Uncommon trap: reason=unstable_if action=reinterpret pc=0x0000000107c82a0c method=com.sun.javafx.sg.prism.NGGroup.computeRenderRoot(Lcom/sun/javafx/sg/prism/NodePath;Lcom/sun/javafx/geom/RectBounds;ILcom/sun/javafx/geom/transform/BaseTransform;Lcom/sun/ja
Event: 87.998 Thread 0x00007fd621188000 Uncommon trap: reason=unstable_if action=reinterpret pc=0x0000000107ada500 method=java.security.AccessControlContext.optimize()Ljava/security/AccessControlContext; @ 233
Event: 100.208 Thread 0x00007fd6219b8800 Uncommon trap: reason=unstable_if action=reinterpret pc=0x0000000107cd9b20 method=java.util.ArrayList.remove(Ljava/lang/Object;)Z @ 46
Event: 100.214 Thread 0x00007fd6219b8800 Uncommon trap: reason=bimorphic action=maybe_recompile pc=0x00000001076fc6f4 method=java.util.ArrayList.indexOf(Ljava/lang/Object;)I @ 51
Event: 100.219 Thread 0x00007fd6219b8800 Uncommon trap: reason=unstable_if action=reinterpret pc=0x0000000107b207b4 method=com.sun.javafx.application.PlatformImpl.checkIdle()V @ 40
Event: 100.260 Thread 0x00007fd6220bb000 Uncommon trap: reason=unstable_if action=reinterpret pc=0x0000000107aab4b4 method=java.util.concurrent.locks.AbstractQueuedSynchronizer$ConditionObject.checkInterruptWhileWaiting(Ljava/util/concurrent/locks/AbstractQueuedSynchronizer$Node;)I @ 3

Internal exceptions (10 events):
Event: 15.045 Thread 0x00007fd6219b8800 Exception <a 'java/lang/NullPointerException'> (0x00000007ab612510) thrown at [/HUDSON3/workspace/8-2-build-macosx-x86_64/jdk8u66/4988/hotspot/src/share/vm/interpreter/linkResolver.cpp, line 1280]
Event: 16.212 Thread 0x00007fd6219b8800 Exception <a 'java/lang/NullPointerException'> (0x00000007abaf47f8) thrown at [/HUDSON3/workspace/8-2-build-macosx-x86_64/jdk8u66/4988/hotspot/src/share/vm/interpreter/linkResolver.cpp, line 1280]
Event: 16.294 Thread 0x00007fd6219b8800 Exception <a 'java/lang/NullPointerException'> (0x00000007aab1cae8) thrown at [/HUDSON3/workspace/8-2-build-macosx-x86_64/jdk8u66/4988/hotspot/src/share/vm/interpreter/linkResolver.cpp, line 1280]
Event: 16.540 Thread 0x00007fd6219b8800 Exception <a 'java/lang/NullPointerException'> (0x00000007aab27c88) thrown at [/HUDSON3/workspace/8-2-build-macosx-x86_64/jdk8u66/4988/hotspot/src/share/vm/interpreter/linkResolver.cpp, line 1280]
Event: 16.782 Thread 0x00007fd6219b8800 Exception <a 'java/lang/NullPointerException'> (0x00000007aab32ff8) thrown at [/HUDSON3/workspace/8-2-build-macosx-x86_64/jdk8u66/4988/hotspot/src/share/vm/interpreter/linkResolver.cpp, line 1280]
Event: 17.142 Thread 0x00007fd6219b8800 Implicit null exception at 0x000000010788fab5 to 0x000000010788fcf1
Event: 17.142 Thread 0x00007fd6219b8800 Implicit null exception at 0x0000000107864458 to 0x00000001078644e6
Event: 17.144 Thread 0x00007fd6219b8800 Implicit null exception at 0x000000010789ffaf to 0x00000001078a0019
Event: 17.554 Thread 0x00007fd6219b8800 Implicit null exception at 0x00000001079463ed to 0x000000010794643d
Event: 40.474 Thread 0x00007fd6220bb000 Implicit null exception at 0x0000000107d6ce14 to 0x0000000107d6d5e4

Events (10 events):
Event: 100.260 Thread 0x00007fd627812800 Thread added: 0x00007fd627812800
Event: 100.260 Thread 0x00007fd621038000 Thread exited: 0x00007fd621038000
Event: 100.260 loading class java/util/IdentityHashMap$KeySet
Event: 100.261 loading class java/util/IdentityHashMap$KeySet done
Event: 100.261 loading class java/util/IdentityHashMap$KeyIterator
Event: 100.261 loading class java/util/IdentityHashMap$IdentityHashMapIterator
Event: 100.261 loading class java/util/IdentityHashMap$IdentityHashMapIterator done
Event: 100.261 loading class java/util/IdentityHashMap$KeyIterator done
Event: 100.261 Thread 0x00007fd627812800 Thread exited: 0x00007fd627812800
Event: 100.261 Thread 0x00007fd621013000 Thread exited: 0x00007fd621013000


Dynamic libraries:
0x000000002011f000 	/System/Library/Frameworks/Cocoa.framework/Versions/A/Cocoa
0x000000002011f000 	/System/Library/Frameworks/Security.framework/Versions/A/Security
0x000000002011f000 	/System/Library/Frameworks/ApplicationServices.framework/Versions/A/ApplicationServices
0x000000002011f000 	/usr/lib/libz.1.dylib
0x000000002011f000 	/usr/lib/libSystem.B.dylib
0x000000002011f000 	/usr/lib/libobjc.A.dylib
0x000000002011f000 	/System/Library/Frameworks/CoreFoundation.framework/Versions/A/CoreFoundation
0x000000002011f000 	/System/Library/Frameworks/Foundation.framework/Versions/C/Foundation
0x000000002011f000 	/System/Library/Frameworks/AppKit.framework/Versions/C/AppKit
0x000000002011f000 	/System/Library/Frameworks/CoreData.framework/Versions/A/CoreData
0x000000002011f000 	/System/Library/PrivateFrameworks/RemoteViewServices.framework/Versions/A/RemoteViewServices
0x000000002011f000 	/System/Library/PrivateFrameworks/UIFoundation.framework/Versions/A/UIFoundation
0x000000002011f000 	/usr/lib/libenergytrace.dylib
0x000000002011f000 	/System/Library/PrivateFrameworks/SkyLight.framework/Versions/A/SkyLight
0x000000002011f000 	/System/Library/Frameworks/CoreGraphics.framework/Versions/A/CoreGraphics
0x000000002011f000 	/usr/lib/libScreenReader.dylib
0x000000002011f000 	/System/Library/Frameworks/Accelerate.framework/Versions/A/Accelerate
0x000000002011f000 	/System/Library/Frameworks/IOSurface.framework/Versions/A/IOSurface
0x000000002011f000 	/System/Library/Frameworks/AudioToolbox.framework/Versions/A/AudioToolbox
0x000000002011f000 	/System/Library/Frameworks/AudioUnit.framework/Versions/A/AudioUnit
0x000000002011f000 	/System/Library/PrivateFrameworks/DataDetectorsCore.framework/Versions/A/DataDetectorsCore
0x000000002011f000 	/System/Library/PrivateFrameworks/DesktopServicesPriv.framework/Versions/A/DesktopServicesPriv
0x000000002011f000 	/System/Library/Frameworks/Carbon.framework/Versions/A/Frameworks/HIToolbox.framework/Versions/A/HIToolbox
0x000000002011f000 	/usr/lib/libicucore.A.dylib
0x000000002011f000 	/System/Library/Frameworks/QuartzCore.framework/Versions/A/QuartzCore
0x000000002011f000 	/System/Library/Frameworks/Carbon.framework/Versions/A/Frameworks/SpeechRecognition.framework/Versions/A/SpeechRecognition
0x000000002011f000 	/usr/lib/libauto.dylib
0x000000002011f000 	/usr/lib/libxml2.2.dylib
0x000000002011f000 	/System/Library/PrivateFrameworks/CoreUI.framework/Versions/A/CoreUI
0x000000002011f000 	/System/Library/Frameworks/CoreAudio.framework/Versions/A/CoreAudio
0x000000002011f000 	/System/Library/Frameworks/DiskArbitration.framework/Versions/A/DiskArbitration
0x000000002011f000 	/usr/lib/liblangid.dylib
0x000000002011f000 	/System/Library/PrivateFrameworks/MultitouchSupport.framework/Versions/A/MultitouchSupport
0x000000002011f000 	/System/Library/Frameworks/IOKit.framework/Versions/A/IOKit
0x000000002011f000 	/usr/lib/libDiagnosticMessagesClient.dylib
0x000000002011f000 	/System/Library/Frameworks/CoreServices.framework/Versions/A/CoreServices
0x000000002011f000 	/System/Library/PrivateFrameworks/PerformanceAnalysis.framework/Versions/A/PerformanceAnalysis
0x000000002011f000 	/System/Library/PrivateFrameworks/GenerationalStorage.framework/Versions/A/GenerationalStorage
0x000000002011f000 	/System/Library/Frameworks/OpenGL.framework/Versions/A/OpenGL
0x000000002011f000 	/System/Library/Frameworks/CoreImage.framework/Versions/A/CoreImage
0x000000002011f000 	/System/Library/Frameworks/CoreText.framework/Versions/A/CoreText
0x000000002011f000 	/System/Library/Frameworks/ImageIO.framework/Versions/A/ImageIO
0x000000002011f000 	/System/Library/PrivateFrameworks/Backup.framework/Versions/A/Backup
0x000000002011f000 	/usr/lib/libarchive.2.dylib
0x000000002011f000 	/System/Library/Frameworks/CFNetwork.framework/Versions/A/CFNetwork
0x000000002011f000 	/System/Library/Frameworks/SystemConfiguration.framework/Versions/A/SystemConfiguration
0x000000002011f000 	/usr/lib/libCRFSuite.dylib
0x000000002011f000 	/usr/lib/libc++.1.dylib
0x000000002011f000 	/usr/lib/libc++abi.dylib
0x000000002011f000 	/usr/lib/system/libcache.dylib
0x000000002011f000 	/usr/lib/system/libcommonCrypto.dylib
0x000000002011f000 	/usr/lib/system/libcompiler_rt.dylib
0x000000002011f000 	/usr/lib/system/libcopyfile.dylib
0x000000002011f000 	/usr/lib/system/libcorecrypto.dylib
0x000000002011f000 	/usr/lib/system/libdispatch.dylib
0x000000002011f000 	/usr/lib/system/libdyld.dylib
0x000000002011f000 	/usr/lib/system/libkeymgr.dylib
0x000000002011f000 	/usr/lib/system/liblaunch.dylib
0x000000002011f000 	/usr/lib/system/libmacho.dylib
0x000000002011f000 	/usr/lib/system/libquarantine.dylib
0x000000002011f000 	/usr/lib/system/libremovefile.dylib
0x000000002011f000 	/usr/lib/system/libsystem_asl.dylib
0x000000002011f000 	/usr/lib/system/libsystem_blocks.dylib
0x000000002011f000 	/usr/lib/system/libsystem_c.dylib
0x000000002011f000 	/usr/lib/system/libsystem_configuration.dylib
0x000000002011f000 	/usr/lib/system/libsystem_coreservices.dylib
0x000000002011f000 	/usr/lib/system/libsystem_coretls.dylib
0x000000002011f000 	/usr/lib/system/libsystem_dnssd.dylib
0x000000002011f000 	/usr/lib/system/libsystem_info.dylib
0x000000002011f000 	/usr/lib/system/libsystem_kernel.dylib
0x000000002011f000 	/usr/lib/system/libsystem_m.dylib
0x000000002011f000 	/usr/lib/system/libsystem_malloc.dylib
0x000000002011f000 	/usr/lib/system/libsystem_network.dylib
0x000000002011f000 	/usr/lib/system/libsystem_networkextension.dylib
0x000000002011f000 	/usr/lib/system/libsystem_notify.dylib
0x000000002011f000 	/usr/lib/system/libsystem_platform.dylib
0x000000002011f000 	/usr/lib/system/libsystem_pthread.dylib
0x000000002011f000 	/usr/lib/system/libsystem_sandbox.dylib
0x000000002011f000 	/usr/lib/system/libsystem_secinit.dylib
0x000000002011f000 	/usr/lib/system/libsystem_symptoms.dylib
0x000000002011f000 	/usr/lib/system/libsystem_trace.dylib
0x000000002011f000 	/usr/lib/system/libunwind.dylib
0x000000002011f000 	/usr/lib/system/libxpc.dylib
0x000000002011f000 	/usr/lib/libbsm.0.dylib
0x000000002011f000 	/usr/lib/system/libkxld.dylib
0x000000002011f000 	/usr/lib/libcoretls.dylib
0x000000002011f000 	/usr/lib/libcoretls_cfhelpers.dylib
0x000000002011f000 	/usr/lib/libxar.1.dylib
0x000000002011f000 	/usr/lib/libsqlite3.dylib
0x000000002011f000 	/usr/lib/libpam.2.dylib
0x000000002011f000 	/usr/lib/libOpenScriptingUtil.dylib
0x000000002011f000 	/usr/lib/libbz2.1.0.dylib
0x000000002011f000 	/usr/lib/liblzma.5.dylib
0x000000002011f000 	/usr/lib/libnetwork.dylib
0x000000002011f000 	/usr/lib/libpcap.A.dylib
0x000000002011f000 	/System/Library/Frameworks/CoreServices.framework/Versions/A/Frameworks/FSEvents.framework/Versions/A/FSEvents
0x000000002011f000 	/System/Library/Frameworks/CoreServices.framework/Versions/A/Frameworks/CarbonCore.framework/Versions/A/CarbonCore
0x000000002011f000 	/System/Library/Frameworks/CoreServices.framework/Versions/A/Frameworks/Metadata.framework/Versions/A/Metadata
0x000000002011f000 	/System/Library/Frameworks/CoreServices.framework/Versions/A/Frameworks/OSServices.framework/Versions/A/OSServices
0x000000002011f000 	/System/Library/Frameworks/CoreServices.framework/Versions/A/Frameworks/SearchKit.framework/Versions/A/SearchKit
0x000000002011f000 	/System/Library/Frameworks/CoreServices.framework/Versions/A/Frameworks/AE.framework/Versions/A/AE
0x000000002011f000 	/System/Library/Frameworks/CoreServices.framework/Versions/A/Frameworks/LaunchServices.framework/Versions/A/LaunchServices
0x000000002011f000 	/System/Library/Frameworks/CoreServices.framework/Versions/A/Frameworks/DictionaryServices.framework/Versions/A/DictionaryServices
0x000000002011f000 	/System/Library/Frameworks/CoreServices.framework/Versions/A/Frameworks/SharedFileList.framework/Versions/A/SharedFileList
0x000000002011f000 	/System/Library/Frameworks/NetFS.framework/Versions/A/NetFS
0x000000002011f000 	/System/Library/PrivateFrameworks/NetAuth.framework/Versions/A/NetAuth
0x000000002011f000 	/System/Library/PrivateFrameworks/login.framework/Versions/A/Frameworks/loginsupport.framework/Versions/A/loginsupport
0x000000002011f000 	/System/Library/PrivateFrameworks/TCC.framework/Versions/A/TCC
0x000000002011f000 	/usr/lib/libmecabra.dylib
0x000000002011f000 	/System/Library/Frameworks/ApplicationServices.framework/Versions/A/Frameworks/ATS.framework/Versions/A/ATS
0x000000002011f000 	/System/Library/Frameworks/ApplicationServices.framework/Versions/A/Frameworks/ColorSync.framework/Versions/A/ColorSync
0x000000002011f000 	/System/Library/Frameworks/ApplicationServices.framework/Versions/A/Frameworks/HIServices.framework/Versions/A/HIServices
0x000000002011f000 	/System/Library/Frameworks/ApplicationServices.framework/Versions/A/Frameworks/LangAnalysis.framework/Versions/A/LangAnalysis
0x000000002011f000 	/System/Library/Frameworks/ApplicationServices.framework/Versions/A/Frameworks/PrintCore.framework/Versions/A/PrintCore
0x000000002011f000 	/System/Library/Frameworks/ApplicationServices.framework/Versions/A/Frameworks/QD.framework/Versions/A/QD
0x000000002011f000 	/System/Library/Frameworks/ApplicationServices.framework/Versions/A/Frameworks/SpeechSynthesis.framework/Versions/A/SpeechSynthesis
0x000000002011f000 	/System/Library/Frameworks/Accelerate.framework/Versions/A/Frameworks/vImage.framework/Versions/A/vImage
0x000000002011f000 	/System/Library/Frameworks/Accelerate.framework/Versions/A/Frameworks/vecLib.framework/Versions/A/vecLib
0x000000002011f000 	/System/Library/Frameworks/Accelerate.framework/Versions/A/Frameworks/vecLib.framework/Versions/A/libvDSP.dylib
0x000000002011f000 	/System/Library/Frameworks/Accelerate.framework/Versions/A/Frameworks/vecLib.framework/Versions/A/libBNNS.dylib
0x000000002011f000 	/System/Library/Frameworks/Accelerate.framework/Versions/A/Frameworks/vecLib.framework/Versions/A/libQuadrature.dylib
0x000000002011f000 	/System/Library/Frameworks/Accelerate.framework/Versions/A/Frameworks/vecLib.framework/Versions/A/libvMisc.dylib
0x000000002011f000 	/System/Library/Frameworks/Accelerate.framework/Versions/A/Frameworks/vecLib.framework/Versions/A/libLAPACK.dylib
0x000000002011f000 	/System/Library/Frameworks/Accelerate.framework/Versions/A/Frameworks/vecLib.framework/Versions/A/libBLAS.dylib
0x000000002011f000 	/System/Library/Frameworks/Accelerate.framework/Versions/A/Frameworks/vecLib.framework/Versions/A/libLinearAlgebra.dylib
0x000000002011f000 	/System/Library/Frameworks/Accelerate.framework/Versions/A/Frameworks/vecLib.framework/Versions/A/libSparseBLAS.dylib
0x000000002011f000 	/System/Library/Frameworks/ApplicationServices.framework/Versions/A/Frameworks/ATS.framework/Versions/A/Resources/libFontParser.dylib
0x000000002011f000 	/System/Library/Frameworks/ApplicationServices.framework/Versions/A/Frameworks/ATS.framework/Versions/A/Resources/libFontRegistry.dylib
0x000000002011f000 	/System/Library/Frameworks/ImageIO.framework/Versions/A/Resources/libJPEG.dylib
0x000000002011f000 	/System/Library/Frameworks/ImageIO.framework/Versions/A/Resources/libTIFF.dylib
0x000000002011f000 	/System/Library/Frameworks/ImageIO.framework/Versions/A/Resources/libPng.dylib
0x000000002011f000 	/System/Library/Frameworks/ImageIO.framework/Versions/A/Resources/libGIF.dylib
0x000000002011f000 	/System/Library/Frameworks/ImageIO.framework/Versions/A/Resources/libJP2.dylib
0x000000002011f000 	/System/Library/Frameworks/ImageIO.framework/Versions/A/Resources/libRadiance.dylib
0x000000002011f000 	/usr/lib/libcompression.dylib
0x000000002011f000 	/System/Library/PrivateFrameworks/AppleJPEG.framework/Versions/A/AppleJPEG
0x000000002011f000 	/usr/lib/libcups.2.dylib
0x000000002011f000 	/System/Library/Frameworks/Kerberos.framework/Versions/A/Kerberos
0x000000002011f000 	/System/Library/Frameworks/GSS.framework/Versions/A/GSS
0x000000002011f000 	/usr/lib/libresolv.9.dylib
0x000000002011f000 	/usr/lib/libiconv.2.dylib
0x000000002011f000 	/System/Library/PrivateFrameworks/Heimdal.framework/Versions/A/Heimdal
0x000000002011f000 	/usr/lib/libheimdal-asn1.dylib
0x000000002011f000 	/System/Library/Frameworks/OpenDirectory.framework/Versions/A/OpenDirectory
0x000000002011f000 	/System/Library/PrivateFrameworks/CommonAuth.framework/Versions/A/CommonAuth
0x000000002011f000 	/System/Library/Frameworks/OpenDirectory.framework/Versions/A/Frameworks/CFOpenDirectory.framework/Versions/A/CFOpenDirectory
0x000000002011f000 	/System/Library/Frameworks/SecurityFoundation.framework/Versions/A/SecurityFoundation
0x000000002011f000 	/System/Library/PrivateFrameworks/LanguageModeling.framework/Versions/A/LanguageModeling
0x000000002011f000 	/usr/lib/libmarisa.dylib
0x000000002011f000 	/usr/lib/libChineseTokenizer.dylib
0x000000002011f000 	/usr/lib/libcmph.dylib
0x000000002011f000 	/System/Library/PrivateFrameworks/CoreEmoji.framework/Versions/A/CoreEmoji
0x000000002011f000 	/System/Library/Frameworks/ServiceManagement.framework/Versions/A/ServiceManagement
0x000000002011f000 	/usr/lib/libxslt.1.dylib
0x000000002011f000 	/System/Library/Frameworks/Carbon.framework/Versions/A/Frameworks/Ink.framework/Versions/A/Ink
0x000000002011f000 	/System/Library/PrivateFrameworks/TextureIO.framework/Versions/A/TextureIO
0x000000002011f000 	/System/Library/Frameworks/Metal.framework/Versions/A/Metal
0x000000002011f000 	/usr/lib/libate.dylib
0x000000002011f000 	/System/Library/PrivateFrameworks/GPUCompiler.framework/libmetal_timestamp.dylib
0x000000002011f000 	/System/Library/Frameworks/OpenGL.framework/Versions/A/Libraries/libCoreFSCache.dylib
0x000000002011f000 	/System/Library/PrivateFrameworks/IOAccelerator.framework/Versions/A/IOAccelerator
0x000000002011f000 	/System/Library/Frameworks/CoreVideo.framework/Versions/A/CoreVideo
0x000000002011f000 	/usr/lib/libFosl_dynamic.dylib
0x000000002011f000 	/System/Library/PrivateFrameworks/MetalPerformanceShaders.framework/Versions/A/MetalPerformanceShaders
0x000000002011f000 	/System/Library/PrivateFrameworks/FaceCore.framework/Versions/A/FaceCore
0x000000002011f000 	/System/Library/Frameworks/OpenCL.framework/Versions/A/OpenCL
0x000000002011f000 	/System/Library/Frameworks/OpenGL.framework/Versions/A/Libraries/libGLU.dylib
0x000000002011f000 	/System/Library/Frameworks/OpenGL.framework/Versions/A/Libraries/libGFXShared.dylib
0x000000002011f000 	/System/Library/Frameworks/OpenGL.framework/Versions/A/Libraries/libGL.dylib
0x000000002011f000 	/System/Library/Frameworks/OpenGL.framework/Versions/A/Libraries/libGLImage.dylib
0x000000002011f000 	/System/Library/Frameworks/OpenGL.framework/Versions/A/Libraries/libCVMSPluginSupport.dylib
0x000000002011f000 	/System/Library/Frameworks/OpenGL.framework/Versions/A/Libraries/libCoreVMClient.dylib
0x000000002011f000 	/System/Library/PrivateFrameworks/CrashReporterSupport.framework/Versions/A/CrashReporterSupport
0x000000002011f000 	/System/Library/PrivateFrameworks/Sharing.framework/Versions/A/Sharing
0x000000002011f000 	/System/Library/PrivateFrameworks/IconServices.framework/Versions/A/IconServices
0x000000002011f000 	/System/Library/PrivateFrameworks/ProtocolBuffer.framework/Versions/A/ProtocolBuffer
0x000000002011f000 	/System/Library/PrivateFrameworks/Apple80211.framework/Versions/A/Apple80211
0x000000002011f000 	/System/Library/Frameworks/CoreWLAN.framework/Versions/A/CoreWLAN
0x000000002011f000 	/System/Library/PrivateFrameworks/CoreUtils.framework/Versions/A/CoreUtils
0x000000002011f000 	/System/Library/Frameworks/IOBluetooth.framework/Versions/A/IOBluetooth
0x000000002011f000 	/System/Library/PrivateFrameworks/CoreWiFi.framework/Versions/A/CoreWiFi
0x000000002011f000 	/System/Library/Frameworks/CoreBluetooth.framework/Versions/A/CoreBluetooth
0x000000002011f000 	/System/Library/Frameworks/CoreDisplay.framework/Versions/A/CoreDisplay
0x000000002011f000 	/System/Library/PrivateFrameworks/IOPresentment.framework/Versions/A/IOPresentment
0x000000002011f000 	/System/Library/PrivateFrameworks/DebugSymbols.framework/Versions/A/DebugSymbols
0x000000002011f000 	/System/Library/PrivateFrameworks/CoreSymbolication.framework/Versions/A/CoreSymbolication
0x000000002011f000 	/System/Library/PrivateFrameworks/Symbolication.framework/Versions/A/Symbolication
0x000000002011f000 	/System/Library/PrivateFrameworks/AppleFSCompression.framework/Versions/A/AppleFSCompression
0x000000002011f000 	/System/Library/PrivateFrameworks/SpeechRecognitionCore.framework/Versions/A/SpeechRecognitionCore
0x000000002011f000 	/System/Library/PrivateFrameworks/ChunkingLibrary.framework/Versions/A/ChunkingLibrary
0x0000000106600000 	/Library/Java/JavaVirtualMachines/jdk1.8.0_66.jdk/Contents/Home/jre/lib/server/libjvm.dylib
0x000000002011f000 	/usr/lib/libstdc++.6.dylib
0x0000000105c5a000 	/Library/Java/JavaVirtualMachines/jdk1.8.0_66.jdk/Contents/Home/jre/lib/libverify.dylib
0x0000000105c68000 	/Library/Java/JavaVirtualMachines/jdk1.8.0_66.jdk/Contents/Home/jre/lib/libjava.dylib
0x0000000105ca7000 	/Library/Java/JavaVirtualMachines/jdk1.8.0_66.jdk/Contents/Home/jre/lib/libzip.dylib
0x000000011a8d2000 	/System/Library/Frameworks/JavaVM.framework/Frameworks/JavaRuntimeSupport.framework/JavaRuntimeSupport
0x000000011a8ec000 	/System/Library/Frameworks/JavaVM.framework/Versions/A/Frameworks/JavaNativeFoundation.framework/Versions/A/JavaNativeFoundation
0x0000000105d0d000 	/System/Library/Frameworks/JavaVM.framework/Versions/A/JavaVM
0x000000002011f000 	/System/Library/Frameworks/Carbon.framework/Versions/A/Carbon
0x000000011a901000 	/System/Library/PrivateFrameworks/JavaLaunching.framework/Versions/A/JavaLaunching
0x000000002011f000 	/System/Library/Frameworks/Carbon.framework/Versions/A/Frameworks/CommonPanels.framework/Versions/A/CommonPanels
0x000000002011f000 	/System/Library/Frameworks/Carbon.framework/Versions/A/Frameworks/Help.framework/Versions/A/Help
0x000000002011f000 	/System/Library/Frameworks/Carbon.framework/Versions/A/Frameworks/ImageCapture.framework/Versions/A/ImageCapture
0x000000002011f000 	/System/Library/Frameworks/Carbon.framework/Versions/A/Frameworks/OpenScripting.framework/Versions/A/OpenScripting
0x000000002011f000 	/System/Library/Frameworks/Carbon.framework/Versions/A/Frameworks/Print.framework/Versions/A/Print
0x000000002011f000 	/System/Library/Frameworks/Carbon.framework/Versions/A/Frameworks/SecurityHI.framework/Versions/A/SecurityHI
0x000000011c29b000 	/Library/Java/JavaVirtualMachines/jdk1.8.0_66.jdk/Contents/Home/jre/lib/libprism_es2.dylib
0x000000002011f000 	/System/Library/Frameworks/OpenGL.framework/Versions/A/Resources/GLEngine.bundle/GLEngine
0x000000002011f000 	/System/Library/Frameworks/OpenGL.framework/Versions/A/Libraries/libGLProgrammability.dylib
0x000000011c2ff000 	/System/Library/Extensions/AMDRadeonX3000GLDriver.bundle/Contents/MacOS/AMDRadeonX3000GLDriver
0x000000002011f000 	/System/Library/PrivateFrameworks/GPUSupport.framework/Versions/A/Libraries/libGPUSupportMercury.dylib
0x000000011c3e0000 	/System/Library/Extensions/AMDRadeonX3000GLDriver.bundle/Contents/MacOS/ATIRadeonX3000SCLib.dylib
0x000000002011f000 	/System/Library/Frameworks/OpenGL.framework/Versions/A/Resources/GLRendererFloat.bundle/GLRendererFloat
0x000000002011f000 	/System/Library/Frameworks/OpenCL.framework/Versions/A/Libraries/libcldcpuengine.dylib
0x000000002011f000 	/usr/lib/libcrypto.0.9.8.dylib
0x000000002011f000 	/System/Library/PrivateFrameworks/TrustEvaluationAgent.framework/Versions/A/TrustEvaluationAgent
0x000000011c687000 	/Library/Java/JavaVirtualMachines/jdk1.8.0_66.jdk/Contents/Home/jre/lib/libglass.dylib
0x000000002011f000 	/System/Library/PrivateFrameworks/CoreServicesInternal.framework/Versions/A/CoreServicesInternal
0x000000002011f000 	/System/Library/CoreServices/RawCamera.bundle/Contents/MacOS/RawCamera
0x000000002011f000 	/System/Library/Frameworks/Accelerate.framework/Versions/A/Frameworks/vImage.framework/Versions/A/Libraries/libCGInterfaces.dylib
0x000000002011f000 	/System/Library/PrivateFrameworks/FamilyControls.framework/Versions/A/FamilyControls
0x000000002011f000 	/System/Library/PrivateFrameworks/CommerceKit.framework/Versions/A/Frameworks/CommerceCore.framework/Versions/A/CommerceCore
0x000000002011f000 	/System/Library/PrivateFrameworks/SystemAdministration.framework/Versions/A/SystemAdministration
0x000000002011f000 	/System/Library/PrivateFrameworks/AppContainer.framework/Versions/A/AppContainer
0x000000002011f000 	/System/Library/PrivateFrameworks/SecCodeWrapper.framework/Versions/A/SecCodeWrapper
0x000000002011f000 	/System/Library/Frameworks/DirectoryService.framework/Versions/A/DirectoryService
0x000000002011f000 	/System/Library/PrivateFrameworks/DiskImages.framework/Versions/A/DiskImages
0x000000002011f000 	/System/Library/PrivateFrameworks/LoginUIKit.framework/Versions/A/Frameworks/LoginUICore.framework/Versions/A/LoginUICore
0x000000002011f000 	/usr/lib/libCoreStorage.dylib
0x000000002011f000 	/usr/lib/libcsfde.dylib
0x000000002011f000 	/usr/lib/libodfde.dylib
0x000000002011f000 	/System/Library/Frameworks/DiscRecording.framework/Versions/A/DiscRecording
0x000000002011f000 	/usr/lib/libcurl.4.dylib
0x000000002011f000 	/System/Library/PrivateFrameworks/MediaKit.framework/Versions/A/MediaKit
0x000000002011f000 	/System/Library/PrivateFrameworks/ProtectedCloudStorage.framework/Versions/A/ProtectedCloudStorage
0x000000002011f000 	/System/Library/PrivateFrameworks/EFILogin.framework/Versions/A/EFILogin
0x000000002011f000 	/usr/lib/libutil.dylib
0x000000002011f000 	/System/Library/Frameworks/LDAP.framework/Versions/A/LDAP
0x000000002011f000 	/usr/lib/libsasl2.2.dylib
0x000000002011f000 	/System/Library/PrivateFrameworks/CoreDaemon.framework/Versions/B/CoreDaemon
0x000000002011f000 	/System/Library/PrivateFrameworks/AppleSRP.framework/Versions/A/AppleSRP
0x000000002011f000 	/System/Library/PrivateFrameworks/APFS.framework/Versions/A/APFS
0x000000002011f000 	/System/Library/Frameworks/ApplicationServices.framework/Versions/A/Frameworks/ATS.framework/Versions/A/Resources/libTrueTypeScaler.dylib
0x000000011f9cb000 	/Library/Java/JavaVirtualMachines/jdk1.8.0_66.jdk/Contents/Home/jre/lib/libglib-lite.dylib
0x000000011faed000 	/Library/Java/JavaVirtualMachines/jdk1.8.0_66.jdk/Contents/Home/jre/lib/libgstreamer-lite.dylib
0x000000011fc65000 	/Library/Java/JavaVirtualMachines/jdk1.8.0_66.jdk/Contents/Home/jre/lib/libjfxmedia.dylib
0x000000011fca0000 	/Library/Java/JavaVirtualMachines/jdk1.8.0_66.jdk/Contents/Home/jre/lib/libjfxmedia_avf.dylib
0x000000002011f000 	/System/Library/Frameworks/AVFoundation.framework/Versions/A/AVFoundation
0x000000002011f000 	/System/Library/Frameworks/CoreMedia.framework/Versions/A/CoreMedia
0x000000002011f000 	/System/Library/Frameworks/MediaToolbox.framework/Versions/A/MediaToolbox
0x000000002011f000 	/System/Library/Frameworks/AVFoundation.framework/Versions/A/Frameworks/AVFAudio.framework/Versions/A/AVFAudio
0x000000002011f000 	/System/Library/Frameworks/VideoToolbox.framework/Versions/A/VideoToolbox
0x000000002011f000 	/System/Library/PrivateFrameworks/IntlPreferences.framework/Versions/A/IntlPreferences
0x000000002011f000 	/System/Library/Frameworks/CoreMediaIO.framework/Versions/A/CoreMediaIO
0x000000002011f000 	/usr/lib/libspindump.dylib
0x000000002011f000 	/usr/lib/libdscsym.dylib
0x000000002011f000 	/System/Library/PrivateFrameworks/CoreAVCHD.framework/Versions/A/CoreAVCHD
0x000000002011f000 	/System/Library/Frameworks/MediaAccessibility.framework/Versions/A/MediaAccessibility
0x000000002011f000 	/System/Library/PrivateFrameworks/Mangrove.framework/Versions/A/Mangrove
0x000000002011f000 	/System/Library/PrivateFrameworks/CoreAUC.framework/Versions/A/CoreAUC
0x000000002011f000 	/System/Library/PrivateFrameworks/AppleVA.framework/Versions/A/AppleVA
0x000000002011f000 	/System/Library/PrivateFrameworks/XPCService.framework/Versions/A/XPCService
0x000000002011f000 	/System/Library/PrivateFrameworks/AppSandbox.framework/Versions/A/AppSandbox
0x000000002011f000 	/usr/lib/libsandbox.1.dylib
0x000000002011f000 	/usr/lib/libMatch.1.dylib
0x000000011f8af000 	/Library/Java/JavaVirtualMachines/jdk1.8.0_66.jdk/Contents/Home/jre/lib/libjfxmedia_qtkit.dylib
0x000000002011f000 	/System/Library/Frameworks/QTKit.framework/Versions/A/QTKit
0x000000002011f000 	/System/Library/PrivateFrameworks/CoreMediaAuthoring.framework/Versions/A/CoreMediaAuthoring
0x000000011f982000 	/Library/Java/JavaVirtualMachines/jdk1.8.0_66.jdk/Contents/Home/jre/lib/libjavafx_font.dylib
0x000000012051a000 	/Library/Java/JavaVirtualMachines/jdk1.8.0_66.jdk/Contents/Home/jre/lib/libfxplugins.dylib
0x000000011f8f9000 	/System/Library/Frameworks/VideoDecodeAcceleration.framework/Versions/A/VideoDecodeAcceleration
0x0000000120745000 	/Library/Java/JavaVirtualMachines/jdk1.8.0_66.jdk/Contents/Home/jre/lib/libnet.dylib
0x000000012075c000 	/Library/Java/JavaVirtualMachines/jdk1.8.0_66.jdk/Contents/Home/jre/lib/libnio.dylib
0x000000002011f000 	/System/Library/PrivateFrameworks/AppleGVA.framework/Versions/A/AppleGVA
0x0000000120a71000 	/System/Library/Extensions/AppleIntelHD3000GraphicsVADriver.bundle/Contents/MacOS/AppleIntelHD3000GraphicsVADriver
0x0000000120bb3000 	/System/Library/Extensions/AMDRadeonVADriver.bundle/Contents/MacOS/AMDRadeonVADriver
0x0000000120cd9000 	/System/Library/Extensions/AppleIntelSNBVA.bundle/Contents/MacOS/AppleIntelSNBVA
0x00000001219f6000 	/System/Library/Extensions/AppleHDA.kext/Contents/PlugIns/AppleHDAHALPlugIn.bundle/Contents/MacOS/AppleHDAHALPlugIn
0x0000000121a28000 	/System/Library/Components/CoreAudio.component/Contents/MacOS/CoreAudio
0x00000001221b8000 	/System/Library/Components/AudioCodecs.component/Contents/MacOS/AudioCodecs
0x00000001238da000 	/Library/Java/JavaVirtualMachines/jdk1.8.0_66.jdk/Contents/Home/jre/lib/libprism_common.dylib

VM Arguments:
jvm_args: -Dfile.encoding=UTF-8 
java_command: cctv.level.crossing.Main
java_class_path (initial): /Users/joth/NetBeansProjects/CCTV Level Crossing/build/classes
Launcher Type: SUN_STANDARD

Environment Variables:
PATH=/usr/bin:/bin:/usr/sbin:/sbin
LD_LIBRARY_PATH=/Library/Java/JavaVirtualMachines/jdk1.8.0_66.jdk/Contents/Home/jre/lib/amd64:/Library/Java/JavaVirtualMachines/jdk1.8.0_66.jdk/Contents/Home/jre/lib/i386:
SHELL=/bin/bash
DISPLAY=/private/tmp/com.apple.launchd.PUWlbLbeNL/org.macosforge.xquartz:0

Signal Handlers:
SIGSEGV: [libjvm.dylib+0x5a65d5], sa_mask[0]=11111111011111110111111111111111, sa_flags=SA_ONSTACK|SA_RESTART|SA_SIGINFO
SIGBUS: [libjvm.dylib+0x5a65d5], sa_mask[0]=11111111011111110111111111111111, sa_flags=SA_RESTART|SA_SIGINFO
SIGFPE: [libjvm.dylib+0x4802e8], sa_mask[0]=11111111011111110111111111111111, sa_flags=SA_RESTART|SA_SIGINFO
SIGPIPE: [libjvm.dylib+0x4802e8], sa_mask[0]=11111111011111110111111111111111, sa_flags=SA_RESTART|SA_SIGINFO
SIGXFSZ: [libjvm.dylib+0x4802e8], sa_mask[0]=11111111011111110111111111111111, sa_flags=SA_RESTART|SA_SIGINFO
SIGILL: [libjvm.dylib+0x4802e8], sa_mask[0]=11111111011111110111111111111111, sa_flags=SA_RESTART|SA_SIGINFO
SIGUSR1: SIG_DFL, sa_mask[0]=00000000000000000000000000000000, sa_flags=none
SIGUSR2: [libjvm.dylib+0x47fe06], sa_mask[0]=00100000000000000000000000000000, sa_flags=SA_RESTART|SA_SIGINFO
SIGHUP: [libjvm.dylib+0x47e3dd], sa_mask[0]=11111111011111110111111111111111, sa_flags=SA_RESTART|SA_SIGINFO
SIGINT: SIG_IGN, sa_mask[0]=00000000000000000000000000000000, sa_flags=none
SIGTERM: [libjvm.dylib+0x47e3dd], sa_mask[0]=11111111011111110111111111111111, sa_flags=SA_RESTART|SA_SIGINFO
SIGQUIT: [libjvm.dylib+0x47e3dd], sa_mask[0]=11111111011111110111111111111111, sa_flags=SA_RESTART|SA_SIGINFO


---------------  S Y S T E M  ---------------

OS:Bsduname:Darwin 16.0.0 Darwin Kernel Version 16.0.0: Mon Aug 29 17:56:20 PDT 2016; root:xnu-3789.1.32~3/RELEASE_X86_64 x86_64
rlimit: STACK 8192k, CORE 0k, NPROC 709, NOFILE 10240, AS infinity
load average:2.74 2.10 1.72

CPU:total 4 (4 cores per cpu, 1 threads per core) family 6 model 42 stepping 7, cmov, cx8, fxsr, mmx, sse, sse2, sse3, ssse3, sse4.1, sse4.2, popcnt, avx, aes, clmul, tsc, tscinvbit

Memory: 4k page, physical 4194304k(330072k free)

/proc/meminfo:


vm_info: Java HotSpot(TM) 64-Bit Server VM (25.66-b17) for bsd-amd64 JRE (1.8.0_66-b17), built on Oct  6 2015 16:09:13 by "java_re" with gcc 4.2.1 (Based on Apple Inc. build 5658) (LLVM build 2336.11.00)

time: Mon Dec 19 07:31:51 2016
elapsed time: 100 seconds (0d 0h 1m 40s)

